[2020-05-01 15:26:17.264] [INFO] networkReptile - 



[2020-05-01 15:26:17.271] [DEBUG] networkReptile - 现在爬取的小说是----《第一序列》
[2020-05-01 15:26:17.272] [DEBUG] networkReptile - 爬取来源----爱下电子书
[2020-05-01 15:26:17.291] [INFO] networkReptile - 连接数据库成功.....
[2020-05-01 15:26:17.315] [FATAL] networkReptile - 数据库无数据，请释放initDB函数，初始化数据！！
[2020-05-01 15:26:17.322] [INFO] networkReptile - 存储前更新list成功！
[2020-05-01 15:29:09.861] [INFO] networkReptile - 



[2020-05-01 15:29:09.867] [DEBUG] networkReptile - 现在爬取的小说是----《第一序列》
[2020-05-01 15:29:09.868] [DEBUG] networkReptile - 爬取来源----爱下电子书
[2020-05-01 15:29:09.893] [INFO] networkReptile - 连接数据库成功.....
[2020-05-01 15:29:09.911] [FATAL] networkReptile - 数据库无数据，请释放initDB函数，初始化数据！！
[2020-05-01 15:29:09.918] [INFO] networkReptile - 存储前更新list成功！
[2020-05-01 15:46:41.414] [INFO] networkReptile - 



[2020-05-01 15:46:41.420] [DEBUG] networkReptile - 现在爬取的小说是----《第一序列》
[2020-05-01 15:46:41.421] [DEBUG] networkReptile - 爬取来源----爱下电子书
[2020-05-01 15:46:41.443] [INFO] networkReptile - 连接数据库成功.....
[2020-05-01 15:46:41.461] [FATAL] networkReptile - 数据库无数据，请释放initDB函数，初始化数据！！
[2020-05-01 15:46:41.470] [INFO] networkReptile - 存储前更新list成功！
[2020-05-01 15:59:03.958] [INFO] networkReptile - 



[2020-05-01 15:59:03.964] [DEBUG] networkReptile - 现在爬取的小说是----《第一序列》
[2020-05-01 15:59:03.965] [DEBUG] networkReptile - 爬取来源----爱下电子书
[2020-05-01 15:59:03.987] [INFO] networkReptile - 连接数据库成功.....
[2020-05-01 15:59:04.007] [FATAL] networkReptile - 数据库无数据，请释放initDB函数，初始化数据！！
[2020-05-01 15:59:04.014] [INFO] networkReptile - 存储前更新list成功！
