[2017-02-17 11:28:30.236] [INFO] networkReptile - 今天是 2017年01月17日 星期五，排行版每天18:00点更新.......
[2017-02-17 11:28:30.357] [INFO] networkReptile - 连接数据库成功.....
[2017-02-17 11:28:38.330] [INFO] networkReptile - 起点小说排行榜爬取完毕.....
[2017-02-17 12:57:56.464] [INFO] networkReptile - 今天是 2017年01月17日 星期五，排行版每天18:00点更新.......
[2017-02-17 12:57:56.581] [INFO] networkReptile - 连接数据库成功.....
[2017-02-17 12:58:03.281] [INFO] networkReptile - 起点小说排行榜爬取完毕.....
[2017-02-17 13:01:48.226] [INFO] networkReptile - 今天是 2017年01月17日 星期五，排行版每天18:00点更新.......
[2017-02-17 13:01:48.333] [INFO] networkReptile - 连接数据库成功.....
[2017-02-17 13:01:53.415] [INFO] networkReptile - 起点小说排行榜爬取完毕.....
[2017-02-17 13:02:50.179] [INFO] networkReptile - 今天是 2017年01月17日 星期五，排行版每天18:00点更新.......
[2017-02-17 13:02:50.298] [INFO] networkReptile - 连接数据库成功.....
[2017-02-17 13:02:52.505] [INFO] networkReptile - 起点小说排行榜爬取完毕.....
[2017-02-17 13:03:50.869] [INFO] networkReptile - 今天是 2017年01月17日 星期五，排行版每天18:00点更新.......
[2017-02-17 13:03:50.978] [INFO] networkReptile - 连接数据库成功.....
[2017-02-17 13:03:53.802] [INFO] networkReptile - 起点小说排行榜爬取完毕.....
[2017-02-17 13:12:47.135] [INFO] networkReptile - 今天是 2017年01月17日 星期五，排行版每天18:00点更新.......
[2017-02-17 13:12:47.368] [INFO] networkReptile - 连接数据库成功.....
[2017-02-17 13:12:54.714] [INFO] networkReptile - 起点小说排行榜爬取完毕.....
[2017-02-17 13:18:17.064] [INFO] networkReptile - 今天是 2017年01月17日 星期五，排行版每天18:00点更新.......
[2017-02-17 13:18:17.205] [INFO] networkReptile - 连接数据库成功.....
[2017-02-17 13:18:23.092] [INFO] networkReptile - 起点小说排行榜爬取完毕.....
[2017-02-17 13:20:41.911] [INFO] networkReptile - 今天是 2017年01月17日 星期五，排行版每天18:00点更新.......
[2017-02-17 13:20:42.055] [INFO] networkReptile - 连接数据库成功.....
[2017-02-17 13:20:48.790] [INFO] networkReptile - 起点小说排行榜爬取完毕.....
[2017-02-17 13:22:57.044] [INFO] networkReptile - 今天是 2017年01月17日 星期五，排行版每天18:00点更新.......
[2017-02-17 13:22:57.156] [INFO] networkReptile - 连接数据库成功.....
[2017-02-17 13:23:04.682] [INFO] networkReptile - 起点小说排行榜爬取完毕.....
[2017-02-17 14:32:21.702] [INFO] networkReptile - 今天是 2017年01月17日 星期五，排行版每天18:00点更新.......
[2017-02-17 14:32:21.811] [INFO] networkReptile - 连接数据库成功.....
[2017-02-17 14:32:28.425] [INFO] networkReptile - 起点小说排行榜爬取完毕.....
[2017-02-17 14:35:34.253] [ERROR] networkReptile - 连接数据库失败：Error: connection timeout
[2017-02-17 14:36:20.516] [INFO] networkReptile - 今天是 2017年01月17日 星期五，排行版每天18:00点更新.......
[2017-02-17 14:36:20.620] [INFO] networkReptile - 连接数据库成功.....
[2017-02-17 14:36:23.965] [INFO] networkReptile - 起点小说排行榜爬取完毕.....
[2017-02-17 14:37:24.551] [INFO] networkReptile - 今天是 2017年01月17日 星期五，排行版每天18:00点更新.......
[2017-02-17 14:37:24.666] [INFO] networkReptile - 连接数据库成功.....
[2017-02-17 14:37:26.729] [INFO] networkReptile - 起点小说排行榜爬取完毕.....
[2017-02-17 14:40:36.271] [INFO] networkReptile - 今天是 2017年01月17日 星期五，排行版每天18:00点更新.......
[2017-02-17 14:40:36.375] [INFO] networkReptile - 连接数据库成功.....
[2017-02-17 14:40:41.359] [INFO] networkReptile - 起点小说排行榜爬取完毕.....
[2017-02-17 14:43:59.196] [INFO] networkReptile - 今天是 2017年01月17日 星期五，排行版每天18:00点更新.......
[2017-02-17 14:43:59.310] [INFO] networkReptile - 连接数据库成功.....
[2017-02-17 14:44:02.747] [INFO] networkReptile - 起点小说排行榜爬取完毕.....
[2017-02-17 14:44:55.429] [INFO] networkReptile - 今天是 2017年01月17日 星期五，排行版每天18:00点更新.......
[2017-02-17 14:44:55.536] [INFO] networkReptile - 连接数据库成功.....
[2017-02-17 14:45:00.053] [INFO] networkReptile - 起点小说排行榜爬取完毕.....
[2017-02-17 14:51:48.264] [INFO] networkReptile - 今天是 2017年01月17日 星期五，排行版每天18:00点更新.......
[2017-02-17 14:51:48.390] [INFO] networkReptile - 连接数据库成功.....
[2017-02-17 14:51:59.352] [INFO] networkReptile - 起点小说排行榜爬取完毕.....
[2017-02-17 14:53:21.772] [INFO] networkReptile - 今天是 2017年01月17日 星期五，排行版每天18:00点更新.......
[2017-02-17 14:53:21.889] [INFO] networkReptile - 连接数据库成功.....
[2017-02-17 14:53:29.175] [INFO] networkReptile - 起点小说排行榜爬取完毕.....
[2017-02-17 15:00:43.655] [INFO] networkReptile - 今天是 2017年01月17日 星期五，排行版每天18:00点更新.......
[2017-02-17 15:00:43.762] [INFO] networkReptile - 连接数据库成功.....
[2017-02-17 15:00:46.700] [INFO] networkReptile - 起点小说排行榜爬取完毕.....
[2017-02-17 15:01:17.209] [INFO] networkReptile - 今天是 2017年01月17日 星期五，排行版每天18:00点更新.......
[2017-02-17 15:01:17.343] [INFO] networkReptile - 连接数据库成功.....
[2017-02-17 15:01:26.212] [INFO] networkReptile - 起点小说排行榜爬取完毕.....
[2017-02-17 15:02:02.583] [INFO] networkReptile - 今天是 2017年01月17日 星期五，排行版每天18:00点更新.......
[2017-02-17 15:02:02.691] [INFO] networkReptile - 连接数据库成功.....
[2017-02-17 15:02:08.183] [INFO] networkReptile - 起点小说排行榜爬取完毕.....
[2017-02-17 15:04:56.144] [INFO] networkReptile - 今天是 2017年01月17日 星期五，排行版每天18:00点更新.......
[2017-02-17 15:04:56.273] [INFO] networkReptile - 连接数据库成功.....
[2017-02-17 15:05:02.349] [INFO] networkReptile - 起点小说排行榜爬取完毕.....
[2017-02-17 15:05:12.125] [WARN] networkReptile - 爬取-纵横-《掌天纪》的封面图片和作者失败....
[2017-02-17 15:07:39.517] [INFO] networkReptile - 今天是 2017年01月17日 星期五，排行版每天18:00点更新.......
[2017-02-17 15:07:39.653] [INFO] networkReptile - 连接数据库成功.....
[2017-02-17 15:07:41.947] [INFO] networkReptile - 起点小说排行榜爬取完毕.....
[2017-02-17 15:10:10.142] [INFO] networkReptile - 今天是 2017年01月17日 星期五，排行版每天18:00点更新.......
[2017-02-17 15:10:10.261] [INFO] networkReptile - 连接数据库成功.....
[2017-02-17 15:10:16.135] [INFO] networkReptile - 起点小说排行榜爬取完毕.....
[2017-02-17 15:12:22.454] [INFO] networkReptile - 今天是 2017年01月17日 星期五，排行版每天18:00点更新.......
[2017-02-17 15:12:22.592] [INFO] networkReptile - 连接数据库成功.....
[2017-02-17 15:12:31.055] [INFO] networkReptile - 起点小说排行榜爬取完毕.....
[2017-02-17 15:48:37.371] [INFO] networkReptile - 今天是 2017年01月17日 星期五，排行版每天18:00点更新.......
[2017-02-17 15:48:37.479] [INFO] networkReptile - 连接数据库成功.....
[2017-02-17 15:48:44.669] [INFO] networkReptile - 起点小说排行榜爬取完毕.....
[2017-02-17 15:58:32.349] [INFO] networkReptile - 今天是 2017年01月17日 星期五，排行版每天18:00点更新.......
[2017-02-17 15:58:32.464] [INFO] networkReptile - 连接数据库成功.....
[2017-02-17 15:58:38.545] [INFO] networkReptile - 起点小说排行榜爬取完毕.....
[2017-02-17 16:02:19.670] [INFO] networkReptile - 今天是 2017年01月17日 星期五，排行版每天18:00点更新.......
[2017-02-17 16:02:19.803] [INFO] networkReptile - 连接数据库成功.....
[2017-02-17 16:02:27.480] [INFO] networkReptile - 起点小说排行榜爬取完毕.....
[2017-02-17 16:08:40.094] [INFO] networkReptile - 今天是 2017年01月17日 星期五，排行版每天18:00点更新.......
[2017-02-17 16:08:40.221] [INFO] networkReptile - 连接数据库成功.....
[2017-02-17 16:08:50.089] [INFO] networkReptile - 起点小说排行榜爬取完毕.....
[2017-02-17 16:10:23.275] [INFO] networkReptile - 今天是 2017年01月17日 星期五，排行版每天18:00点更新.......
[2017-02-17 16:10:23.398] [INFO] networkReptile - 连接数据库成功.....
[2017-02-17 16:10:32.105] [INFO] networkReptile - 起点小说排行榜爬取完毕.....
[2017-02-17 16:14:32.251] [ERROR] networkReptile - 连接数据库失败：Error: connection timeout
[2017-02-17 16:20:17.078] [INFO] networkReptile - 今天是 2017年01月17日 星期五，排行版每天18:00点更新.......
[2017-02-17 16:20:17.204] [INFO] networkReptile - 连接数据库成功.....
[2017-02-17 16:20:25.598] [INFO] networkReptile - 起点小说排行榜爬取完毕.....
[2017-02-17 16:22:08.528] [ERROR] networkReptile - 连接数据库失败：Error: connection timeout
[2017-02-17 16:24:09.263] [ERROR] networkReptile - 连接数据库失败：Error: connection timeout
[2017-02-17 16:28:06.783] [INFO] networkReptile - 今天是 2017年01月17日 星期五，排行版每天18:00点更新.......
[2017-02-17 16:28:06.917] [INFO] networkReptile - 连接数据库成功.....
[2017-02-17 16:28:13.390] [INFO] networkReptile - 起点小说排行榜爬取完毕.....
[2017-02-17 16:41:29.278] [INFO] networkReptile - 今天是 2017年01月17日 星期五，排行版每天18:00点更新.......
[2017-02-17 16:41:29.384] [INFO] networkReptile - 连接数据库成功.....
[2017-02-17 16:41:36.299] [INFO] networkReptile - 起点小说排行榜爬取完毕.....
[2017-02-17 17:00:05.522] [INFO] networkReptile - 今天是 2017年01月17日 星期五，排行版每天18:00点更新.......
[2017-02-17 17:00:05.635] [INFO] networkReptile - 连接数据库成功.....
[2017-02-17 17:00:15.676] [INFO] networkReptile - 起点小说排行榜爬取完毕.....
[2017-02-17 17:02:28.660] [INFO] networkReptile - 今天是 2017年01月17日 星期五，排行版每天18:00点更新.......
[2017-02-17 17:02:28.782] [INFO] networkReptile - 连接数据库成功.....
[2017-02-17 17:02:32.019] [INFO] networkReptile - 起点小说排行榜爬取完毕.....
[2017-02-17 17:12:10.608] [INFO] networkReptile - 今天是 2017年01月17日 星期五，排行版每天18:00点更新.......
[2017-02-17 17:12:10.725] [INFO] networkReptile - 连接数据库成功.....
[2017-02-17 17:12:19.850] [INFO] networkReptile - 起点小说排行榜爬取完毕.....
[2017-02-17 17:12:44.996] [INFO] networkReptile - 今天是 2017年01月17日 星期五，排行版每天18:00点更新.......
[2017-02-17 17:12:45.136] [INFO] networkReptile - 连接数据库成功.....
[2017-02-17 17:12:48.722] [INFO] networkReptile - 起点小说排行榜爬取完毕.....
[2017-02-17 17:12:54.495] [INFO] networkReptile - 今天是 2017年01月17日 星期五，排行版每天18:00点更新.......
[2017-02-17 17:12:54.617] [INFO] networkReptile - 连接数据库成功.....
[2017-02-17 17:12:58.400] [INFO] networkReptile - 起点小说排行榜爬取完毕.....
[2017-02-17 17:15:27.965] [INFO] networkReptile - 今天是 2017年01月17日 星期五，排行版每天18:00点更新.......
[2017-02-17 17:15:28.071] [INFO] networkReptile - 连接数据库成功.....
[2017-02-17 17:15:30.959] [INFO] networkReptile - 起点小说排行榜爬取完毕.....
[2017-02-17 17:15:39.291] [INFO] networkReptile - 今天是 2017年01月17日 星期五，排行版每天18:00点更新.......
[2017-02-17 17:15:39.415] [INFO] networkReptile - 连接数据库成功.....
[2017-02-17 17:15:42.317] [INFO] networkReptile - 起点小说排行榜爬取完毕.....
[2017-02-17 17:15:58.486] [INFO] networkReptile - 今天是 2017年01月17日 星期五，排行版每天18:00点更新.......
[2017-02-17 17:15:58.591] [INFO] networkReptile - 连接数据库成功.....
[2017-02-17 17:16:05.230] [INFO] networkReptile - 起点小说排行榜爬取完毕.....
[2017-02-17 17:17:02.688] [INFO] networkReptile - 今天是 2017年01月17日 星期五，排行版每天18:00点更新.......
[2017-02-17 17:17:02.806] [INFO] networkReptile - 连接数据库成功.....
[2017-02-17 17:17:05.764] [INFO] networkReptile - 起点小说排行榜爬取完毕.....
[2017-02-17 17:31:28.810] [INFO] networkReptile - 今天是 2017年01月17日 星期五，排行版每天18:00点更新.......
[2017-02-17 17:31:28.934] [INFO] networkReptile - 连接数据库成功.....
[2017-02-17 17:31:38.370] [INFO] networkReptile - 起点小说排行榜爬取完毕.....
[2017-02-17 17:38:33.171] [INFO] networkReptile - 今天是 2017年01月17日 星期五，排行版每天18:00点更新.......
[2017-02-17 17:38:33.284] [INFO] networkReptile - 连接数据库成功.....
[2017-02-17 17:38:39.475] [INFO] networkReptile - 起点小说排行榜爬取完毕.....
[2017-02-17 17:46:16.972] [INFO] networkReptile - 今天是 2017年01月17日 星期五，排行版每天18:00点更新.......
[2017-02-17 17:46:17.130] [INFO] networkReptile - 连接数据库成功.....
[2017-02-17 17:46:20.010] [INFO] networkReptile - 起点小说排行榜爬取完毕.....
[2017-02-17 18:26:58.041] [INFO] networkReptile - 今天是 2017年01月17日 星期五，排行版每天18:00点更新.......
[2017-02-17 18:26:58.165] [INFO] networkReptile - 连接数据库成功.....
[2017-02-17 18:27:02.447] [INFO] networkReptile - 起点小说排行榜爬取完毕.....
[2017-02-17 18:27:05.672] [INFO] networkReptile - 纵横小说排行榜爬取完毕.....
[2017-02-17 18:30:40.406] [INFO] networkReptile - 今天是 2017年01月17日 星期五，排行版每天18:00点更新.......
[2017-02-17 18:30:40.595] [INFO] networkReptile - 连接数据库成功.....
[2017-02-17 18:30:43.327] [INFO] networkReptile - 起点小说排行榜爬取完毕.....
[2017-02-17 18:36:02.890] [INFO] networkReptile - 今天是 2017年01月17日 星期五，排行版每天18:00点更新.......
[2017-02-17 18:36:03.008] [INFO] networkReptile - 连接数据库成功.....
[2017-02-17 18:36:12.216] [INFO] networkReptile - 起点小说排行榜爬取完毕.....
[2017-02-17 18:37:32.135] [INFO] networkReptile - 纵横小说排行榜爬取完毕.....
[2017-02-17 18:41:52.448] [INFO] networkReptile - 今天是 2017年01月17日 星期五，排行版每天18:00点更新.......
[2017-02-17 18:41:52.561] [INFO] networkReptile - 连接数据库成功.....
[2017-02-17 18:41:59.223] [INFO] networkReptile - 起点小说排行榜爬取完毕.....
[2017-02-17 18:42:03.584] [INFO] networkReptile - 纵横小说排行榜爬取完毕.....
[2017-02-17 22:50:04.411] [INFO] networkReptile - 今天是 2017年01月17日 星期五，排行版每天18:00点更新.......
[2017-02-17 22:50:04.537] [INFO] networkReptile - 连接数据库成功.....
[2017-02-17 22:50:04.707] [INFO] networkReptile - 更新成功
[2017-02-17 22:50:04.707] [INFO] networkReptile - 更新成功
[2017-02-17 22:50:04.708] [INFO] networkReptile - 更新成功
[2017-02-17 22:50:04.708] [INFO] networkReptile - 更新成功
[2017-02-17 22:50:04.708] [INFO] networkReptile - 更新成功
[2017-02-17 22:50:04.708] [INFO] networkReptile - 更新成功
[2017-02-17 22:50:12.262] [INFO] networkReptile - 起点小说排行榜爬取完毕.....
[2017-02-17 22:50:18.798] [INFO] networkReptile - 纵横小说排行榜爬取完毕.....
[2017-02-17 22:51:56.040] [INFO] networkReptile - 今天是 2017年01月17日 星期五，排行版每天18:00点更新.......
[2017-02-17 22:51:56.160] [INFO] networkReptile - 连接数据库成功.....
[2017-02-17 22:51:56.260] [INFO] networkReptile - 更新成功
[2017-02-17 22:51:56.260] [INFO] networkReptile - 更新成功
[2017-02-17 22:51:56.260] [INFO] networkReptile - 更新成功
[2017-02-17 22:51:56.260] [INFO] networkReptile - 更新成功
[2017-02-17 22:51:56.260] [INFO] networkReptile - 更新成功
[2017-02-17 22:51:56.260] [INFO] networkReptile - 更新成功
[2017-02-17 22:51:59.167] [INFO] networkReptile - 起点小说排行榜爬取完毕.....
[2017-02-17 22:52:01.509] [INFO] networkReptile - 纵横小说排行榜爬取完毕.....
[2017-02-17 22:55:13.039] [INFO] networkReptile - 今天是 2017年01月17日 星期五，排行版每天18:00点更新.......
[2017-02-17 22:55:13.157] [INFO] networkReptile - 连接数据库成功.....
[2017-02-17 22:55:18.005] [INFO] networkReptile - 起点小说排行榜爬取完毕.....
[2017-02-17 22:55:24.381] [INFO] networkReptile - 纵横小说排行榜爬取完毕.....
[2017-02-17 23:00:14.305] [INFO] networkReptile - 今天是 2017年01月17日 星期五，排行版每天18:00点更新.......
[2017-02-17 23:00:14.426] [INFO] networkReptile - 连接数据库成功.....
[2017-02-17 23:00:14.438] [INFO] networkReptile - 小说内容初始化成功....
[2017-02-17 23:00:14.438] [WARN] networkReptile - 小说列表初始化失败....WriteError({"code":11000,"index":0,"errmsg":"E11000 duplicate key error collection: myapp.factionlists index: factionName_1 dup key: { : \"大主宰\" }","op":{"factionName":"大主宰","des":"大千世界，位面交汇，万族林立，群雄荟萃，一位位来自下位面的天之至尊，在这无尽世界，演绎着令人向往的传奇，追求着那主宰之路。 无尽火域，炎帝执掌，万火焚苍穹。 武境之内，武祖之威，震慑乾坤。 西天之殿，百战之皇，战威无可敌。 北荒之丘，万墓之地，不死之主镇天地。 ...... 少年自北灵境而出，骑九幽冥雀，闯向了那精彩绝伦的纷纭世界，主宰之路，谁主沉浮？ 大千世界，万道争锋，吾为大主宰。","headerImage":"http://res.cloudinary.com/idwzx/image/upload/v1472746056/dazhuzai_y6428k.jpg","author":"天蚕土豆","updateTime":"2017-02-17T15:00:14.274Z","_id":"58a70ffe58a7a23600049c62","sectionArray":["58a70ffe58a7a23600049c61"],"__v":0}})
[2017-02-17 23:00:14.439] [WARN] networkReptile - 小说排行榜 汇总 类别初始化失败....WriteError({"code":11000,"index":0,"errmsg":"E11000 duplicate key error collection: myapp.factionranks index: engName_1 dup key: { : \"total\" }","op":{"standard":"汇总","engName":"total","qidian":"全部分类","zongheng":"百度小说月票榜","qd_url":"http://r.qidian.com/?chn=-1","updateTime":"2017-02-17T15:00:14.277Z","_id":"58a70ffe58a7a23600049c63","zhRank":[{"url":"xxx","des":"xxx","headImg":"xxx","author":"xxx","factionName":"xxx","num":1},{"url":"xxx","des":"xxx","headImg":"xxx","author":"xxx","factionName":"xxx","num":2},{"url":"xxx","des":"xxx","headImg":"xxx","author":"xxx","factionName":"xxx","num":3},{"url":"xxx","des":"xxx","headImg":"xxx","author":"xxx","factionName":"xxx","num":4},{"url":"xxx","des":"xxx","headImg":"xxx","author":"xxx","factionName":"xxx","num":5},{"url":"xxx","des":"xxx","headImg":"xxx","author":"xxx","factionName":"xxx","num":6},{"url":"xxx","des":"xxx","headImg":"xxx","author":"xxx","factionName":"xxx","num":7},{"url":"xxx","des":"xxx","headImg":"xxx","author":"xxx","factionName":"xxx","num":8},{"url":"xxx","des":"xxx","headImg":"xxx","author":"xxx","factionName":"xxx","num":9},{"url":"xxx","des":"xxx","headImg":"xxx","author":"xxx","factionName":"xxx","num":10}],"qdRank":[{"url":"xxx","des":"xxx","headImg":"xxx","author":"xxx","factionName":"xxx","num":1},{"url":"xxx","des":"xxx","headImg":"xxx","author":"xxx","factionName":"xxx","num":2},{"url":"xxx","des":"xxx","headImg":"xxx","author":"xxx","factionName":"xxx","num":3},{"url":"xxx","des":"xxx","headImg":"xxx","author":"xxx","factionName":"xxx","num":4},{"url":"xxx","des":"xxx","headImg":"xxx","author":"xxx","factionName":"xxx","num":5},{"url":"xxx","des":"xxx","headImg":"xxx","author":"xxx","factionName":"xxx","num":6},{"url":"xxx","des":"xxx","headImg":"xxx","author":"xxx","factionName":"xxx","num":7},{"url":"xxx","des":"xxx","headImg":"xxx","author":"xxx","factionName":"xxx","num":8},{"url":"xxx","des":"xxx","headImg":"xxx","author":"xxx","factionName":"xxx","num":9},{"url":"xxx","des":"xxx","headImg":"xxx","author":"xxx","factionName":"xxx","num":10}],"__v":0}})
[2017-02-17 23:00:14.439] [WARN] networkReptile - 小说排行榜 玄幻 类别初始化失败....WriteError({"code":11000,"index":0,"errmsg":"E11000 duplicate key error collection: myapp.factionranks index: engName_1 dup key: { : \"xuanhuan\" }","op":{"standard":"玄幻","engName":"xuanhuan","qidian":"玄幻","zongheng":"奇幻玄幻点击榜","qd_url":"http://r.qidian.com/?chn=21","updateTime":"2017-02-17T15:00:14.277Z","_id":"58a70ffe58a7a23600049c64","zhRank":[{"url":"xxx","des":"xxx","headImg":"xxx","author":"xxx","factionName":"xxx","num":1},{"url":"xxx","des":"xxx","headImg":"xxx","author":"xxx","factionName":"xxx","num":2},{"url":"xxx","des":"xxx","headImg":"xxx","author":"xxx","factionName":"xxx","num":3},{"url":"xxx","des":"xxx","headImg":"xxx","author":"xxx","factionName":"xxx","num":4},{"url":"xxx","des":"xxx","headImg":"xxx","author":"xxx","factionName":"xxx","num":5},{"url":"xxx","des":"xxx","headImg":"xxx","author":"xxx","factionName":"xxx","num":6},{"url":"xxx","des":"xxx","headImg":"xxx","author":"xxx","factionName":"xxx","num":7},{"url":"xxx","des":"xxx","headImg":"xxx","author":"xxx","factionName":"xxx","num":8},{"url":"xxx","des":"xxx","headImg":"xxx","author":"xxx","factionName":"xxx","num":9},{"url":"xxx","des":"xxx","headImg":"xxx","author":"xxx","factionName":"xxx","num":10}],"qdRank":[{"url":"xxx","des":"xxx","headImg":"xxx","author":"xxx","factionName":"xxx","num":1},{"url":"xxx","des":"xxx","headImg":"xxx","author":"xxx","factionName":"xxx","num":2},{"url":"xxx","des":"xxx","headImg":"xxx","author":"xxx","factionName":"xxx","num":3},{"url":"xxx","des":"xxx","headImg":"xxx","author":"xxx","factionName":"xxx","num":4},{"url":"xxx","des":"xxx","headImg":"xxx","author":"xxx","factionName":"xxx","num":5},{"url":"xxx","des":"xxx","headImg":"xxx","author":"xxx","factionName":"xxx","num":6},{"url":"xxx","des":"xxx","headImg":"xxx","author":"xxx","factionName":"xxx","num":7},{"url":"xxx","des":"xxx","headImg":"xxx","author":"xxx","factionName":"xxx","num":8},{"url":"xxx","des":"xxx","headImg":"xxx","author":"xxx","factionName":"xxx","num":9},{"url":"xxx","des":"xxx","headImg":"xxx","author":"xxx","factionName":"xxx","num":10}],"__v":0}})
[2017-02-17 23:00:14.441] [WARN] networkReptile - 小说排行榜 言情 类别初始化失败....WriteError({"code":11000,"index":0,"errmsg":"E11000 duplicate key error collection: myapp.factionranks index: engName_1 dup key: { : \"yanqing\" }","op":{"standard":"言情","engName":"yanqing","qidian":"都市","zongheng":"言情小说点击榜","qd_url":"http://r.qidian.com/?chn=4","updateTime":"2017-02-17T15:00:14.277Z","_id":"58a70ffe58a7a23600049c65","zhRank":[{"url":"xxx","des":"xxx","headImg":"xxx","author":"xxx","factionName":"xxx","num":1},{"url":"xxx","des":"xxx","headImg":"xxx","author":"xxx","factionName":"xxx","num":2},{"url":"xxx","des":"xxx","headImg":"xxx","author":"xxx","factionName":"xxx","num":3},{"url":"xxx","des":"xxx","headImg":"xxx","author":"xxx","factionName":"xxx","num":4},{"url":"xxx","des":"xxx","headImg":"xxx","author":"xxx","factionName":"xxx","num":5},{"url":"xxx","des":"xxx","headImg":"xxx","author":"xxx","factionName":"xxx","num":6},{"url":"xxx","des":"xxx","headImg":"xxx","author":"xxx","factionName":"xxx","num":7},{"url":"xxx","des":"xxx","headImg":"xxx","author":"xxx","factionName":"xxx","num":8},{"url":"xxx","des":"xxx","headImg":"xxx","author":"xxx","factionName":"xxx","num":9},{"url":"xxx","des":"xxx","headImg":"xxx","author":"xxx","factionName":"xxx","num":10}],"qdRank":[{"url":"xxx","des":"xxx","headImg":"xxx","author":"xxx","factionName":"xxx","num":1},{"url":"xxx","des":"xxx","headImg":"xxx","author":"xxx","factionName":"xxx","num":2},{"url":"xxx","des":"xxx","headImg":"xxx","author":"xxx","factionName":"xxx","num":3},{"url":"xxx","des":"xxx","headImg":"xxx","author":"xxx","factionName":"xxx","num":4},{"url":"xxx","des":"xxx","headImg":"xxx","author":"xxx","factionName":"xxx","num":5},{"url":"xxx","des":"xxx","headImg":"xxx","author":"xxx","factionName":"xxx","num":6},{"url":"xxx","des":"xxx","headImg":"xxx","author":"xxx","factionName":"xxx","num":7},{"url":"xxx","des":"xxx","headImg":"xxx","author":"xxx","factionName":"xxx","num":8},{"url":"xxx","des":"xxx","headImg":"xxx","author":"xxx","factionName":"xxx","num":9},{"url":"xxx","des":"xxx","headImg":"xxx","author":"xxx","factionName":"xxx","num":10}],"__v":0}})
[2017-02-17 23:00:14.441] [WARN] networkReptile - 小说排行榜 武侠 类别初始化失败....WriteError({"code":11000,"index":0,"errmsg":"E11000 duplicate key error collection: myapp.factionranks index: engName_1 dup key: { : \"wuxia\" }","op":{"standard":"武侠","engName":"wuxia","qidian":"武侠","zongheng":"武侠仙侠点击榜","qd_url":"http://r.qidian.com/?chn=2","updateTime":"2017-02-17T15:00:14.277Z","_id":"58a70ffe58a7a23600049c66","zhRank":[{"url":"xxx","des":"xxx","headImg":"xxx","author":"xxx","factionName":"xxx","num":1},{"url":"xxx","des":"xxx","headImg":"xxx","author":"xxx","factionName":"xxx","num":2},{"url":"xxx","des":"xxx","headImg":"xxx","author":"xxx","factionName":"xxx","num":3},{"url":"xxx","des":"xxx","headImg":"xxx","author":"xxx","factionName":"xxx","num":4},{"url":"xxx","des":"xxx","headImg":"xxx","author":"xxx","factionName":"xxx","num":5},{"url":"xxx","des":"xxx","headImg":"xxx","author":"xxx","factionName":"xxx","num":6},{"url":"xxx","des":"xxx","headImg":"xxx","author":"xxx","factionName":"xxx","num":7},{"url":"xxx","des":"xxx","headImg":"xxx","author":"xxx","factionName":"xxx","num":8},{"url":"xxx","des":"xxx","headImg":"xxx","author":"xxx","factionName":"xxx","num":9},{"url":"xxx","des":"xxx","headImg":"xxx","author":"xxx","factionName":"xxx","num":10}],"qdRank":[{"url":"xxx","des":"xxx","headImg":"xxx","author":"xxx","factionName":"xxx","num":1},{"url":"xxx","des":"xxx","headImg":"xxx","author":"xxx","factionName":"xxx","num":2},{"url":"xxx","des":"xxx","headImg":"xxx","author":"xxx","factionName":"xxx","num":3},{"url":"xxx","des":"xxx","headImg":"xxx","author":"xxx","factionName":"xxx","num":4},{"url":"xxx","des":"xxx","headImg":"xxx","author":"xxx","factionName":"xxx","num":5},{"url":"xxx","des":"xxx","headImg":"xxx","author":"xxx","factionName":"xxx","num":6},{"url":"xxx","des":"xxx","headImg":"xxx","author":"xxx","factionName":"xxx","num":7},{"url":"xxx","des":"xxx","headImg":"xxx","author":"xxx","factionName":"xxx","num":8},{"url":"xxx","des":"xxx","headImg":"xxx","author":"xxx","factionName":"xxx","num":9},{"url":"xxx","des":"xxx","headImg":"xxx","author":"xxx","factionName":"xxx","num":10}],"__v":0}})
[2017-02-17 23:00:14.442] [WARN] networkReptile - 小说排行榜 历史 类别初始化失败....WriteError({"code":11000,"index":0,"errmsg":"E11000 duplicate key error collection: myapp.factionranks index: engName_1 dup key: { : \"lishi\" }","op":{"standard":"历史","engName":"lishi","qidian":"历史","zongheng":"历史军事点击榜","qd_url":"http://r.qidian.com/?chn=5","updateTime":"2017-02-17T15:00:14.277Z","_id":"58a70ffe58a7a23600049c67","zhRank":[{"url":"xxx","des":"xxx","headImg":"xxx","author":"xxx","factionName":"xxx","num":1},{"url":"xxx","des":"xxx","headImg":"xxx","author":"xxx","factionName":"xxx","num":2},{"url":"xxx","des":"xxx","headImg":"xxx","author":"xxx","factionName":"xxx","num":3},{"url":"xxx","des":"xxx","headImg":"xxx","author":"xxx","factionName":"xxx","num":4},{"url":"xxx","des":"xxx","headImg":"xxx","author":"xxx","factionName":"xxx","num":5},{"url":"xxx","des":"xxx","headImg":"xxx","author":"xxx","factionName":"xxx","num":6},{"url":"xxx","des":"xxx","headImg":"xxx","author":"xxx","factionName":"xxx","num":7},{"url":"xxx","des":"xxx","headImg":"xxx","author":"xxx","factionName":"xxx","num":8},{"url":"xxx","des":"xxx","headImg":"xxx","author":"xxx","factionName":"xxx","num":9},{"url":"xxx","des":"xxx","headImg":"xxx","author":"xxx","factionName":"xxx","num":10}],"qdRank":[{"url":"xxx","des":"xxx","headImg":"xxx","author":"xxx","factionName":"xxx","num":1},{"url":"xxx","des":"xxx","headImg":"xxx","author":"xxx","factionName":"xxx","num":2},{"url":"xxx","des":"xxx","headImg":"xxx","author":"xxx","factionName":"xxx","num":3},{"url":"xxx","des":"xxx","headImg":"xxx","author":"xxx","factionName":"xxx","num":4},{"url":"xxx","des":"xxx","headImg":"xxx","author":"xxx","factionName":"xxx","num":5},{"url":"xxx","des":"xxx","headImg":"xxx","author":"xxx","factionName":"xxx","num":6},{"url":"xxx","des":"xxx","headImg":"xxx","author":"xxx","factionName":"xxx","num":7},{"url":"xxx","des":"xxx","headImg":"xxx","author":"xxx","factionName":"xxx","num":8},{"url":"xxx","des":"xxx","headImg":"xxx","author":"xxx","factionName":"xxx","num":9},{"url":"xxx","des":"xxx","headImg":"xxx","author":"xxx","factionName":"xxx","num":10}],"__v":0}})
[2017-02-17 23:00:14.442] [WARN] networkReptile - 小说排行榜 科幻 类别初始化失败....WriteError({"code":11000,"index":0,"errmsg":"E11000 duplicate key error collection: myapp.factionranks index: engName_1 dup key: { : \"kehuan\" }","op":{"standard":"科幻","engName":"kehuan","qidian":"科幻","zongheng":"科幻游戏点击榜","qd_url":"http://r.qidian.com/?chn=9","updateTime":"2017-02-17T15:00:14.277Z","_id":"58a70ffe58a7a23600049c68","zhRank":[{"url":"xxx","des":"xxx","headImg":"xxx","author":"xxx","factionName":"xxx","num":1},{"url":"xxx","des":"xxx","headImg":"xxx","author":"xxx","factionName":"xxx","num":2},{"url":"xxx","des":"xxx","headImg":"xxx","author":"xxx","factionName":"xxx","num":3},{"url":"xxx","des":"xxx","headImg":"xxx","author":"xxx","factionName":"xxx","num":4},{"url":"xxx","des":"xxx","headImg":"xxx","author":"xxx","factionName":"xxx","num":5},{"url":"xxx","des":"xxx","headImg":"xxx","author":"xxx","factionName":"xxx","num":6},{"url":"xxx","des":"xxx","headImg":"xxx","author":"xxx","factionName":"xxx","num":7},{"url":"xxx","des":"xxx","headImg":"xxx","author":"xxx","factionName":"xxx","num":8},{"url":"xxx","des":"xxx","headImg":"xxx","author":"xxx","factionName":"xxx","num":9},{"url":"xxx","des":"xxx","headImg":"xxx","author":"xxx","factionName":"xxx","num":10}],"qdRank":[{"url":"xxx","des":"xxx","headImg":"xxx","author":"xxx","factionName":"xxx","num":1},{"url":"xxx","des":"xxx","headImg":"xxx","author":"xxx","factionName":"xxx","num":2},{"url":"xxx","des":"xxx","headImg":"xxx","author":"xxx","factionName":"xxx","num":3},{"url":"xxx","des":"xxx","headImg":"xxx","author":"xxx","factionName":"xxx","num":4},{"url":"xxx","des":"xxx","headImg":"xxx","author":"xxx","factionName":"xxx","num":5},{"url":"xxx","des":"xxx","headImg":"xxx","author":"xxx","factionName":"xxx","num":6},{"url":"xxx","des":"xxx","headImg":"xxx","author":"xxx","factionName":"xxx","num":7},{"url":"xxx","des":"xxx","headImg":"xxx","author":"xxx","factionName":"xxx","num":8},{"url":"xxx","des":"xxx","headImg":"xxx","author":"xxx","factionName":"xxx","num":9},{"url":"xxx","des":"xxx","headImg":"xxx","author":"xxx","factionName":"xxx","num":10}],"__v":0}})
[2017-02-17 23:00:23.909] [INFO] networkReptile - 起点小说排行榜爬取完毕.....
[2017-02-17 23:00:30.026] [INFO] networkReptile - 纵横小说排行榜爬取完毕.....
[2017-02-17 23:02:30.797] [INFO] networkReptile - 今天是 2017年01月17日 星期五，排行版每天18:00点更新.......
[2017-02-17 23:02:30.914] [INFO] networkReptile - 连接数据库成功.....
[2017-02-17 23:02:30.921] [INFO] networkReptile - 小说内容初始化成功....
[2017-02-17 23:02:30.922] [WARN] networkReptile - 小说列表初始化失败....WriteError({"code":11000,"index":0,"errmsg":"E11000 duplicate key error collection: myapp.factionlists index: factionName_1 dup key: { : \"大主宰\" }","op":{"factionName":"大主宰","des":"大千世界，位面交汇，万族林立，群雄荟萃，一位位来自下位面的天之至尊，在这无尽世界，演绎着令人向往的传奇，追求着那主宰之路。 无尽火域，炎帝执掌，万火焚苍穹。 武境之内，武祖之威，震慑乾坤。 西天之殿，百战之皇，战威无可敌。 北荒之丘，万墓之地，不死之主镇天地。 ...... 少年自北灵境而出，骑九幽冥雀，闯向了那精彩绝伦的纷纭世界，主宰之路，谁主沉浮？ 大千世界，万道争锋，吾为大主宰。","headerImage":"http://res.cloudinary.com/idwzx/image/upload/v1472746056/dazhuzai_y6428k.jpg","author":"天蚕土豆","updateTime":"2017-02-17T15:02:30.769Z","_id":"58a71086b92d103eeca79d07","sectionArray":["58a71086b92d103eeca79d06"],"__v":0}})
[2017-02-17 23:02:30.926] [WARN] networkReptile - 小说排行榜 汇总 类别初始化失败....WriteError({"code":11000,"index":0,"errmsg":"E11000 duplicate key error collection: myapp.factionranks index: engName_1 dup key: { : \"total\" }","op":{"standard":"汇总","engName":"total","qidian":"全部分类","zongheng":"百度小说月票榜","qd_url":"http://r.qidian.com/?chn=-1","updateTime":"2017-02-17T15:02:30.771Z","_id":"58a71086b92d103eeca79d08","zhRank":[{"url":"xxx","des":"xxx","headImg":"xxx","author":"xxx","factionName":"xxx","num":1},{"url":"xxx","des":"xxx","headImg":"xxx","author":"xxx","factionName":"xxx","num":2},{"url":"xxx","des":"xxx","headImg":"xxx","author":"xxx","factionName":"xxx","num":3},{"url":"xxx","des":"xxx","headImg":"xxx","author":"xxx","factionName":"xxx","num":4},{"url":"xxx","des":"xxx","headImg":"xxx","author":"xxx","factionName":"xxx","num":5},{"url":"xxx","des":"xxx","headImg":"xxx","author":"xxx","factionName":"xxx","num":6},{"url":"xxx","des":"xxx","headImg":"xxx","author":"xxx","factionName":"xxx","num":7},{"url":"xxx","des":"xxx","headImg":"xxx","author":"xxx","factionName":"xxx","num":8},{"url":"xxx","des":"xxx","headImg":"xxx","author":"xxx","factionName":"xxx","num":9},{"url":"xxx","des":"xxx","headImg":"xxx","author":"xxx","factionName":"xxx","num":10}],"qdRank":[{"url":"xxx","des":"xxx","headImg":"xxx","author":"xxx","factionName":"xxx","num":1},{"url":"xxx","des":"xxx","headImg":"xxx","author":"xxx","factionName":"xxx","num":2},{"url":"xxx","des":"xxx","headImg":"xxx","author":"xxx","factionName":"xxx","num":3},{"url":"xxx","des":"xxx","headImg":"xxx","author":"xxx","factionName":"xxx","num":4},{"url":"xxx","des":"xxx","headImg":"xxx","author":"xxx","factionName":"xxx","num":5},{"url":"xxx","des":"xxx","headImg":"xxx","author":"xxx","factionName":"xxx","num":6},{"url":"xxx","des":"xxx","headImg":"xxx","author":"xxx","factionName":"xxx","num":7},{"url":"xxx","des":"xxx","headImg":"xxx","author":"xxx","factionName":"xxx","num":8},{"url":"xxx","des":"xxx","headImg":"xxx","author":"xxx","factionName":"xxx","num":9},{"url":"xxx","des":"xxx","headImg":"xxx","author":"xxx","factionName":"xxx","num":10}],"__v":0}})
[2017-02-17 23:02:30.926] [WARN] networkReptile - 小说排行榜 玄幻 类别初始化失败....WriteError({"code":11000,"index":0,"errmsg":"E11000 duplicate key error collection: myapp.factionranks index: engName_1 dup key: { : \"xuanhuan\" }","op":{"standard":"玄幻","engName":"xuanhuan","qidian":"玄幻","zongheng":"奇幻玄幻点击榜","qd_url":"http://r.qidian.com/?chn=21","updateTime":"2017-02-17T15:02:30.771Z","_id":"58a71086b92d103eeca79d09","zhRank":[{"url":"xxx","des":"xxx","headImg":"xxx","author":"xxx","factionName":"xxx","num":1},{"url":"xxx","des":"xxx","headImg":"xxx","author":"xxx","factionName":"xxx","num":2},{"url":"xxx","des":"xxx","headImg":"xxx","author":"xxx","factionName":"xxx","num":3},{"url":"xxx","des":"xxx","headImg":"xxx","author":"xxx","factionName":"xxx","num":4},{"url":"xxx","des":"xxx","headImg":"xxx","author":"xxx","factionName":"xxx","num":5},{"url":"xxx","des":"xxx","headImg":"xxx","author":"xxx","factionName":"xxx","num":6},{"url":"xxx","des":"xxx","headImg":"xxx","author":"xxx","factionName":"xxx","num":7},{"url":"xxx","des":"xxx","headImg":"xxx","author":"xxx","factionName":"xxx","num":8},{"url":"xxx","des":"xxx","headImg":"xxx","author":"xxx","factionName":"xxx","num":9},{"url":"xxx","des":"xxx","headImg":"xxx","author":"xxx","factionName":"xxx","num":10}],"qdRank":[{"url":"xxx","des":"xxx","headImg":"xxx","author":"xxx","factionName":"xxx","num":1},{"url":"xxx","des":"xxx","headImg":"xxx","author":"xxx","factionName":"xxx","num":2},{"url":"xxx","des":"xxx","headImg":"xxx","author":"xxx","factionName":"xxx","num":3},{"url":"xxx","des":"xxx","headImg":"xxx","author":"xxx","factionName":"xxx","num":4},{"url":"xxx","des":"xxx","headImg":"xxx","author":"xxx","factionName":"xxx","num":5},{"url":"xxx","des":"xxx","headImg":"xxx","author":"xxx","factionName":"xxx","num":6},{"url":"xxx","des":"xxx","headImg":"xxx","author":"xxx","factionName":"xxx","num":7},{"url":"xxx","des":"xxx","headImg":"xxx","author":"xxx","factionName":"xxx","num":8},{"url":"xxx","des":"xxx","headImg":"xxx","author":"xxx","factionName":"xxx","num":9},{"url":"xxx","des":"xxx","headImg":"xxx","author":"xxx","factionName":"xxx","num":10}],"__v":0}})
[2017-02-17 23:02:30.929] [WARN] networkReptile - 小说排行榜 言情 类别初始化失败....WriteError({"code":11000,"index":0,"errmsg":"E11000 duplicate key error collection: myapp.factionranks index: engName_1 dup key: { : \"yanqing\" }","op":{"standard":"言情","engName":"yanqing","qidian":"都市","zongheng":"言情小说点击榜","qd_url":"http://r.qidian.com/?chn=4","updateTime":"2017-02-17T15:02:30.771Z","_id":"58a71086b92d103eeca79d0a","zhRank":[{"url":"xxx","des":"xxx","headImg":"xxx","author":"xxx","factionName":"xxx","num":1},{"url":"xxx","des":"xxx","headImg":"xxx","author":"xxx","factionName":"xxx","num":2},{"url":"xxx","des":"xxx","headImg":"xxx","author":"xxx","factionName":"xxx","num":3},{"url":"xxx","des":"xxx","headImg":"xxx","author":"xxx","factionName":"xxx","num":4},{"url":"xxx","des":"xxx","headImg":"xxx","author":"xxx","factionName":"xxx","num":5},{"url":"xxx","des":"xxx","headImg":"xxx","author":"xxx","factionName":"xxx","num":6},{"url":"xxx","des":"xxx","headImg":"xxx","author":"xxx","factionName":"xxx","num":7},{"url":"xxx","des":"xxx","headImg":"xxx","author":"xxx","factionName":"xxx","num":8},{"url":"xxx","des":"xxx","headImg":"xxx","author":"xxx","factionName":"xxx","num":9},{"url":"xxx","des":"xxx","headImg":"xxx","author":"xxx","factionName":"xxx","num":10}],"qdRank":[{"url":"xxx","des":"xxx","headImg":"xxx","author":"xxx","factionName":"xxx","num":1},{"url":"xxx","des":"xxx","headImg":"xxx","author":"xxx","factionName":"xxx","num":2},{"url":"xxx","des":"xxx","headImg":"xxx","author":"xxx","factionName":"xxx","num":3},{"url":"xxx","des":"xxx","headImg":"xxx","author":"xxx","factionName":"xxx","num":4},{"url":"xxx","des":"xxx","headImg":"xxx","author":"xxx","factionName":"xxx","num":5},{"url":"xxx","des":"xxx","headImg":"xxx","author":"xxx","factionName":"xxx","num":6},{"url":"xxx","des":"xxx","headImg":"xxx","author":"xxx","factionName":"xxx","num":7},{"url":"xxx","des":"xxx","headImg":"xxx","author":"xxx","factionName":"xxx","num":8},{"url":"xxx","des":"xxx","headImg":"xxx","author":"xxx","factionName":"xxx","num":9},{"url":"xxx","des":"xxx","headImg":"xxx","author":"xxx","factionName":"xxx","num":10}],"__v":0}})
[2017-02-17 23:02:30.929] [WARN] networkReptile - 小说排行榜 武侠 类别初始化失败....WriteError({"code":11000,"index":0,"errmsg":"E11000 duplicate key error collection: myapp.factionranks index: engName_1 dup key: { : \"wuxia\" }","op":{"standard":"武侠","engName":"wuxia","qidian":"武侠","zongheng":"武侠仙侠点击榜","qd_url":"http://r.qidian.com/?chn=2","updateTime":"2017-02-17T15:02:30.771Z","_id":"58a71086b92d103eeca79d0b","zhRank":[{"url":"xxx","des":"xxx","headImg":"xxx","author":"xxx","factionName":"xxx","num":1},{"url":"xxx","des":"xxx","headImg":"xxx","author":"xxx","factionName":"xxx","num":2},{"url":"xxx","des":"xxx","headImg":"xxx","author":"xxx","factionName":"xxx","num":3},{"url":"xxx","des":"xxx","headImg":"xxx","author":"xxx","factionName":"xxx","num":4},{"url":"xxx","des":"xxx","headImg":"xxx","author":"xxx","factionName":"xxx","num":5},{"url":"xxx","des":"xxx","headImg":"xxx","author":"xxx","factionName":"xxx","num":6},{"url":"xxx","des":"xxx","headImg":"xxx","author":"xxx","factionName":"xxx","num":7},{"url":"xxx","des":"xxx","headImg":"xxx","author":"xxx","factionName":"xxx","num":8},{"url":"xxx","des":"xxx","headImg":"xxx","author":"xxx","factionName":"xxx","num":9},{"url":"xxx","des":"xxx","headImg":"xxx","author":"xxx","factionName":"xxx","num":10}],"qdRank":[{"url":"xxx","des":"xxx","headImg":"xxx","author":"xxx","factionName":"xxx","num":1},{"url":"xxx","des":"xxx","headImg":"xxx","author":"xxx","factionName":"xxx","num":2},{"url":"xxx","des":"xxx","headImg":"xxx","author":"xxx","factionName":"xxx","num":3},{"url":"xxx","des":"xxx","headImg":"xxx","author":"xxx","factionName":"xxx","num":4},{"url":"xxx","des":"xxx","headImg":"xxx","author":"xxx","factionName":"xxx","num":5},{"url":"xxx","des":"xxx","headImg":"xxx","author":"xxx","factionName":"xxx","num":6},{"url":"xxx","des":"xxx","headImg":"xxx","author":"xxx","factionName":"xxx","num":7},{"url":"xxx","des":"xxx","headImg":"xxx","author":"xxx","factionName":"xxx","num":8},{"url":"xxx","des":"xxx","headImg":"xxx","author":"xxx","factionName":"xxx","num":9},{"url":"xxx","des":"xxx","headImg":"xxx","author":"xxx","factionName":"xxx","num":10}],"__v":0}})
[2017-02-17 23:02:30.930] [WARN] networkReptile - 小说排行榜 历史 类别初始化失败....WriteError({"code":11000,"index":0,"errmsg":"E11000 duplicate key error collection: myapp.factionranks index: engName_1 dup key: { : \"lishi\" }","op":{"standard":"历史","engName":"lishi","qidian":"历史","zongheng":"历史军事点击榜","qd_url":"http://r.qidian.com/?chn=5","updateTime":"2017-02-17T15:02:30.771Z","_id":"58a71086b92d103eeca79d0c","zhRank":[{"url":"xxx","des":"xxx","headImg":"xxx","author":"xxx","factionName":"xxx","num":1},{"url":"xxx","des":"xxx","headImg":"xxx","author":"xxx","factionName":"xxx","num":2},{"url":"xxx","des":"xxx","headImg":"xxx","author":"xxx","factionName":"xxx","num":3},{"url":"xxx","des":"xxx","headImg":"xxx","author":"xxx","factionName":"xxx","num":4},{"url":"xxx","des":"xxx","headImg":"xxx","author":"xxx","factionName":"xxx","num":5},{"url":"xxx","des":"xxx","headImg":"xxx","author":"xxx","factionName":"xxx","num":6},{"url":"xxx","des":"xxx","headImg":"xxx","author":"xxx","factionName":"xxx","num":7},{"url":"xxx","des":"xxx","headImg":"xxx","author":"xxx","factionName":"xxx","num":8},{"url":"xxx","des":"xxx","headImg":"xxx","author":"xxx","factionName":"xxx","num":9},{"url":"xxx","des":"xxx","headImg":"xxx","author":"xxx","factionName":"xxx","num":10}],"qdRank":[{"url":"xxx","des":"xxx","headImg":"xxx","author":"xxx","factionName":"xxx","num":1},{"url":"xxx","des":"xxx","headImg":"xxx","author":"xxx","factionName":"xxx","num":2},{"url":"xxx","des":"xxx","headImg":"xxx","author":"xxx","factionName":"xxx","num":3},{"url":"xxx","des":"xxx","headImg":"xxx","author":"xxx","factionName":"xxx","num":4},{"url":"xxx","des":"xxx","headImg":"xxx","author":"xxx","factionName":"xxx","num":5},{"url":"xxx","des":"xxx","headImg":"xxx","author":"xxx","factionName":"xxx","num":6},{"url":"xxx","des":"xxx","headImg":"xxx","author":"xxx","factionName":"xxx","num":7},{"url":"xxx","des":"xxx","headImg":"xxx","author":"xxx","factionName":"xxx","num":8},{"url":"xxx","des":"xxx","headImg":"xxx","author":"xxx","factionName":"xxx","num":9},{"url":"xxx","des":"xxx","headImg":"xxx","author":"xxx","factionName":"xxx","num":10}],"__v":0}})
[2017-02-17 23:02:30.930] [WARN] networkReptile - 小说排行榜 科幻 类别初始化失败....WriteError({"code":11000,"index":0,"errmsg":"E11000 duplicate key error collection: myapp.factionranks index: engName_1 dup key: { : \"kehuan\" }","op":{"standard":"科幻","engName":"kehuan","qidian":"科幻","zongheng":"科幻游戏点击榜","qd_url":"http://r.qidian.com/?chn=9","updateTime":"2017-02-17T15:02:30.771Z","_id":"58a71086b92d103eeca79d0d","zhRank":[{"url":"xxx","des":"xxx","headImg":"xxx","author":"xxx","factionName":"xxx","num":1},{"url":"xxx","des":"xxx","headImg":"xxx","author":"xxx","factionName":"xxx","num":2},{"url":"xxx","des":"xxx","headImg":"xxx","author":"xxx","factionName":"xxx","num":3},{"url":"xxx","des":"xxx","headImg":"xxx","author":"xxx","factionName":"xxx","num":4},{"url":"xxx","des":"xxx","headImg":"xxx","author":"xxx","factionName":"xxx","num":5},{"url":"xxx","des":"xxx","headImg":"xxx","author":"xxx","factionName":"xxx","num":6},{"url":"xxx","des":"xxx","headImg":"xxx","author":"xxx","factionName":"xxx","num":7},{"url":"xxx","des":"xxx","headImg":"xxx","author":"xxx","factionName":"xxx","num":8},{"url":"xxx","des":"xxx","headImg":"xxx","author":"xxx","factionName":"xxx","num":9},{"url":"xxx","des":"xxx","headImg":"xxx","author":"xxx","factionName":"xxx","num":10}],"qdRank":[{"url":"xxx","des":"xxx","headImg":"xxx","author":"xxx","factionName":"xxx","num":1},{"url":"xxx","des":"xxx","headImg":"xxx","author":"xxx","factionName":"xxx","num":2},{"url":"xxx","des":"xxx","headImg":"xxx","author":"xxx","factionName":"xxx","num":3},{"url":"xxx","des":"xxx","headImg":"xxx","author":"xxx","factionName":"xxx","num":4},{"url":"xxx","des":"xxx","headImg":"xxx","author":"xxx","factionName":"xxx","num":5},{"url":"xxx","des":"xxx","headImg":"xxx","author":"xxx","factionName":"xxx","num":6},{"url":"xxx","des":"xxx","headImg":"xxx","author":"xxx","factionName":"xxx","num":7},{"url":"xxx","des":"xxx","headImg":"xxx","author":"xxx","factionName":"xxx","num":8},{"url":"xxx","des":"xxx","headImg":"xxx","author":"xxx","factionName":"xxx","num":9},{"url":"xxx","des":"xxx","headImg":"xxx","author":"xxx","factionName":"xxx","num":10}],"__v":0}})
[2017-02-17 23:02:34.558] [INFO] networkReptile - 起点小说排行榜爬取完毕.....
[2017-02-17 23:02:38.030] [INFO] networkReptile - 纵横小说排行榜爬取完毕.....
[2017-02-17 23:03:10.636] [INFO] networkReptile - 更新成功
[2017-02-17 23:03:10.637] [INFO] networkReptile - 更新成功
[2017-02-17 23:03:10.637] [INFO] networkReptile - 更新成功
[2017-02-17 23:03:10.637] [INFO] networkReptile - 更新成功
[2017-02-17 23:03:10.637] [INFO] networkReptile - 更新成功
[2017-02-17 23:03:10.637] [INFO] networkReptile - 更新成功
[2017-02-17 23:06:56.797] [INFO] networkReptile - 今天是 2017年01月17日 星期五，排行版每天18:00点更新.......
[2017-02-17 23:06:56.904] [INFO] networkReptile - 连接数据库成功.....
[2017-02-17 23:07:01.938] [INFO] networkReptile - 起点小说排行榜爬取完毕.....
[2017-02-17 23:07:05.668] [INFO] networkReptile - 纵横小说排行榜爬取完毕.....
[2017-02-17 23:07:05.685] [INFO] networkReptile - 数据相同，不用更新
[2017-02-17 23:07:05.685] [INFO] networkReptile - 数据相同，不用更新
[2017-02-17 23:07:05.685] [INFO] networkReptile - 数据相同，不用更新
[2017-02-17 23:07:05.685] [INFO] networkReptile - 数据相同，不用更新
[2017-02-17 23:07:05.686] [INFO] networkReptile - 数据相同，不用更新
[2017-02-17 23:07:05.686] [INFO] networkReptile - 数据相同，不用更新
[2017-02-22 15:42:22.977] [INFO] networkReptile - 今天是 2017年01月22日 星期三，排行版每天18:00点更新.......
[2017-02-22 15:42:23.093] [INFO] networkReptile - 连接数据库成功.....
[2017-02-22 15:42:26.042] [INFO] networkReptile - 起点小说排行榜爬取完毕.....
[2017-02-22 15:42:29.279] [INFO] networkReptile - 纵横小说排行榜爬取完毕.....
[2017-02-22 15:42:44.289] [INFO] networkReptile - 今天是 2017年01月22日 星期三，排行版每天18:00点更新.......
[2017-02-22 15:42:44.395] [INFO] networkReptile - 连接数据库成功.....
[2017-02-22 15:42:48.495] [INFO] networkReptile - 起点小说排行榜爬取完毕.....
[2017-02-22 15:42:51.815] [INFO] networkReptile - 纵横小说排行榜爬取完毕.....
[2017-02-22 15:58:09.644] [INFO] networkReptile - 今天是 2017年01月22日 星期三，排行版每天18:00点更新.......
[2017-02-22 15:58:09.752] [INFO] networkReptile - 连接数据库成功.....
[2017-02-22 15:58:20.681] [INFO] networkReptile - 起点小说排行榜爬取完毕.....
[2017-02-22 15:58:27.935] [INFO] networkReptile - 纵横小说排行榜爬取完毕.....
[2017-02-22 15:58:27.956] [INFO] networkReptile - 数据相同，不用更新
[2017-02-22 15:58:27.956] [INFO] networkReptile - 数据相同，不用更新
[2017-02-22 15:58:27.956] [INFO] networkReptile - 数据相同，不用更新
[2017-02-22 15:58:27.956] [INFO] networkReptile - 数据相同，不用更新
[2017-02-22 15:58:27.956] [INFO] networkReptile - 数据相同，不用更新
[2017-02-22 15:58:27.956] [INFO] networkReptile - 数据相同，不用更新
[2017-02-22 15:58:51.750] [INFO] networkReptile - 今天是 2017年01月22日 星期三，排行版每天18:00点更新.......
[2017-02-22 15:58:51.854] [INFO] networkReptile - 连接数据库成功.....
[2017-02-22 15:59:03.929] [INFO] networkReptile - 起点小说排行榜爬取完毕.....
[2017-02-22 15:59:10.372] [INFO] networkReptile - 纵横小说排行榜爬取完毕.....
[2017-02-22 15:59:10.418] [INFO] networkReptile - 数据相同，不用更新
[2017-02-22 15:59:10.419] [INFO] networkReptile - 数据相同，不用更新
[2017-02-22 15:59:10.419] [INFO] networkReptile - 数据相同，不用更新
[2017-02-22 15:59:10.419] [INFO] networkReptile - 数据相同，不用更新
[2017-02-22 15:59:10.419] [INFO] networkReptile - 数据相同，不用更新
[2017-02-22 15:59:10.420] [INFO] networkReptile - 数据相同，不用更新
[2017-02-22 15:59:44.173] [INFO] networkReptile - 今天是 2017年01月22日 星期三，排行版每天18:00点更新.......
[2017-02-22 15:59:44.281] [INFO] networkReptile - 连接数据库成功.....
[2017-02-22 15:59:54.236] [INFO] networkReptile - 起点小说排行榜爬取完毕.....
[2017-02-22 16:00:00.811] [INFO] networkReptile - 纵横小说排行榜爬取完毕.....
[2017-02-22 16:00:00.828] [INFO] networkReptile - 数据相同，不用更新
[2017-02-22 16:18:24.604] [INFO] networkReptile - 今天是 2017年01月22日 星期三，排行版每天18:00点更新.......
[2017-02-22 16:18:24.709] [INFO] networkReptile - 连接数据库成功.....
[2017-02-22 16:18:30.354] [INFO] networkReptile - 起点小说排行榜爬取完毕.....
[2017-02-22 16:18:36.889] [INFO] networkReptile - 纵横小说排行榜爬取完毕.....
[2017-02-22 16:18:46.521] [INFO] networkReptile - 今天是 2017年01月22日 星期三，排行版每天18:00点更新.......
[2017-02-22 16:18:46.633] [INFO] networkReptile - 连接数据库成功.....
[2017-02-22 16:18:55.649] [INFO] networkReptile - 起点小说排行榜爬取完毕.....
[2017-02-22 16:18:56.300] [INFO] networkReptile - 纵横小说排行榜爬取完毕.....
[2017-02-22 16:19:27.742] [INFO] networkReptile - 今天是 2017年01月22日 星期三，排行版每天18:00点更新.......
[2017-02-22 16:19:27.848] [INFO] networkReptile - 连接数据库成功.....
[2017-02-22 16:19:35.248] [INFO] networkReptile - 起点小说排行榜爬取完毕.....
[2017-02-22 16:19:44.907] [INFO] networkReptile - 纵横小说排行榜爬取完毕.....
[2017-02-22 16:19:44.957] [INFO] networkReptile - 数据相同，不用更新
[2017-02-22 16:19:44.957] [INFO] networkReptile - 数据相同，不用更新
[2017-02-22 16:19:44.958] [INFO] networkReptile - 数据相同，不用更新
[2017-02-22 16:19:44.958] [INFO] networkReptile - 数据相同，不用更新
[2017-02-22 16:19:44.958] [INFO] networkReptile - 数据相同，不用更新
[2017-02-22 16:19:44.959] [INFO] networkReptile - 数据相同，不用更新
[2017-02-22 16:21:47.170] [INFO] networkReptile - 今天是 2017年01月22日 星期三，排行版每天18:00点更新.......
[2017-02-22 16:21:47.278] [INFO] networkReptile - 连接数据库成功.....
[2017-02-22 16:21:51.437] [INFO] networkReptile - 起点小说排行榜爬取完毕.....
[2017-02-22 16:21:57.963] [INFO] networkReptile - 纵横小说排行榜爬取完毕.....
[2017-02-22 16:21:57.998] [INFO] networkReptile - 数据相同，不用更新
[2017-02-22 16:21:57.998] [INFO] networkReptile - 数据相同，不用更新
[2017-02-22 16:21:57.999] [INFO] networkReptile - 数据相同，不用更新
[2017-02-22 16:21:58.000] [INFO] networkReptile - 数据相同，不用更新
[2017-02-22 16:21:58.000] [INFO] networkReptile - 数据相同，不用更新
[2017-02-22 16:21:58.000] [INFO] networkReptile - 数据相同，不用更新
[2017-02-22 16:29:23.056] [INFO] networkReptile - 今天是 2017年01月22日 星期三，排行版每天18:00点更新.......
[2017-02-22 16:29:23.170] [INFO] networkReptile - 连接数据库成功.....
[2017-02-22 16:29:26.172] [INFO] networkReptile - 起点小说排行榜爬取完毕.....
[2017-02-22 16:56:48.146] [INFO] networkReptile - 今天是 2017年01月22日 星期三，排行版每天18:00点更新.......
[2017-02-22 16:56:48.251] [INFO] networkReptile - 连接数据库成功.....
[2017-02-22 16:56:56.647] [INFO] networkReptile - 起点小说排行榜爬取完毕.....
[2017-02-22 16:57:02.909] [INFO] networkReptile - 纵横小说排行榜爬取完毕.....
[2017-02-22 16:57:02.971] [INFO] networkReptile - 数据相同，不用更新
[2017-02-22 16:57:02.971] [INFO] networkReptile - 数据相同，不用更新
[2017-02-22 16:57:02.972] [INFO] networkReptile - 数据相同，不用更新
[2017-02-22 16:57:02.972] [INFO] networkReptile - 数据相同，不用更新
[2017-02-22 16:57:02.972] [INFO] networkReptile - 数据相同，不用更新
[2017-02-22 16:59:04.199] [INFO] networkReptile - 今天是 2017年01月22日 星期三，排行版每天18:00点更新.......
[2017-02-22 16:59:04.304] [INFO] networkReptile - 连接数据库成功.....
[2017-02-22 16:59:19.428] [INFO] networkReptile - 起点小说排行榜爬取完毕.....
[2017-02-22 16:59:22.982] [INFO] networkReptile - 纵横小说排行榜爬取完毕.....
[2017-02-22 16:59:22.999] [INFO] networkReptile - 数据相同，不用更新
[2017-02-22 16:59:23.000] [INFO] networkReptile - 数据相同，不用更新
[2017-02-22 16:59:23.000] [INFO] networkReptile - 数据相同，不用更新
[2017-02-22 16:59:23.000] [INFO] networkReptile - 数据相同，不用更新
[2017-02-22 16:59:23.000] [INFO] networkReptile - 数据相同，不用更新
[2017-02-22 17:00:40.040] [INFO] networkReptile - 今天是 2017年01月22日 星期三，排行版每天18:00点更新.......
[2017-02-22 17:00:40.146] [INFO] networkReptile - 连接数据库成功.....
[2017-02-22 17:00:52.398] [INFO] networkReptile - 起点小说排行榜爬取完毕.....
[2017-02-22 17:00:58.853] [INFO] networkReptile - 纵横小说排行榜爬取完毕.....
[2017-02-22 17:00:58.893] [INFO] networkReptile - 数据相同，不用更新
[2017-02-22 17:00:58.894] [INFO] networkReptile - 数据相同，不用更新
[2017-02-22 17:00:58.894] [INFO] networkReptile - 数据相同，不用更新
[2017-02-22 17:00:58.894] [INFO] networkReptile - 数据相同，不用更新
[2017-02-22 17:00:58.895] [INFO] networkReptile - 数据相同，不用更新
[2017-02-22 17:01:49.861] [WARN] networkReptile - 自动增加--书名为《圣墟》，作者为 辰东 的小说列表失败WriteError({"code":11000,"index":0,"errmsg":"E11000 duplicate key error collection: myapp.factionlists index: factionName_1 dup key: { : \"圣墟\" }","op":{"factionName":"圣墟","des":"在破败中崛起，在寂灭中复苏。　　沧海成尘，雷电枯竭，那一缕幽雾又一次临近大地，世间的枷锁被打开了，一个全新的世界就此揭开神秘的一角……","headerImage":"//qidian.qpic.cn/qdbimg/349573/1004608738/180\r\n","author":"辰东","updateTime":"2017-02-22T09:01:49.685Z","_id":"58ad537db935d711f8e03609","sectionArray":["58ad537db935d711f8e03608"],"__v":0}})
[2017-02-22 17:01:49.960] [WARN] networkReptile - 自动增加--书名为《雪鹰领主》，作者为 我吃西红柿 的小说列表失败WriteError({"code":11000,"index":0,"errmsg":"E11000 duplicate key error collection: myapp.factionlists index: factionName_1 dup key: { : \"雪鹰领主\" }","op":{"factionName":"雪鹰领主","des":"在夏族的安阳行省，有一个很小很不起眼的领地，叫——雪鹰领！　　故事，就从这里开始！　　**　　继《莽荒纪》《吞噬星空》《九鼎记》《盘龙》《星辰变》《寸芒》《星峰传说》后，番茄的第八本小说！　　\r\n                        \r\n                    作者自定义标签:\r\n                        \r\n                        勇猛","headerImage":"//qidian.qpic.cn/qdbimg/349573/3513193/180\r\n","author":"我吃西红柿","updateTime":"2017-02-22T09:01:49.723Z","_id":"58ad537db935d711f8e0366f","sectionArray":["58ad537db935d711f8e0366e"],"__v":0}})
[2017-02-22 17:01:49.961] [WARN] networkReptile - 自动增加--书名为《宇宙的边缘世界》，作者为 原艾伦 的小说列表失败WriteError({"code":11000,"index":0,"errmsg":"E11000 duplicate key error collection: myapp.factionlists index: factionName_1 dup key: { : \"宇宙的边缘世界\" }","op":{"factionName":"宇宙的边缘世界","des":"仰望璀璨的星空，你一定有过探秘浩瀚宇宙的梦想，并不止一次地思考和梦想未来的科学文明。       学渣原晧宸，经历了一次有“预谋”的奇遇，拥有了逆袭成为顶尖科学家的实力。凭借着执着的追求和坚定的信念，他从此踏上了与众不同的人生道路，揭开地球生命诞生的谜团，追随超级外星文明的脚步，层层揭开宇宙真相，最终探索宇宙本源的奥秘......       书友交流群： 529839423\r\n                        \r\n                    作者自定义标签:\r\n                        \r\n                        励志\r\n                        \r\n                        位面\r\n                        \r\n                        学生\r\n                        \r\n                        重生","headerImage":"//qidian.qpic.cn/qdbimg/349573/1003506122/180\r\n","author":"原艾伦","updateTime":"2017-02-22T09:01:49.724Z","_id":"58ad537db935d711f8e03671","sectionArray":["58ad537db935d711f8e03670"],"__v":0}})
[2017-02-22 17:01:49.977] [WARN] networkReptile - 自动增加--书名为《五行天》，作者为 方想 的小说列表失败WriteError({"code":11000,"index":0,"errmsg":"E11000 duplicate key error collection: myapp.factionlists index: factionName_1 dup key: { : \"五行天\" }","op":{"factionName":"五行天","des":"万界融合，灵力消散，历经百万年的修真世界轰然崩塌，蛮荒大举入侵，五行天成为修真者最后的防线。　　千年之后，来自旧土的卑微少年，以苦力之身，深入蛮荒三年，破格获得进入五行天深造的机会。　　渴望掌握命运而一心追求变强的少年，带着野兽般的战斗本能，掀起一场华丽的风暴。　　##########　　新书q群号237931286，欢迎加入　　有任何问题也可以添加微信号xiaofangfang1985，等你来\r\n                        \r\n                    作者自定义标签:\r\n                        \r\n                        孤儿\r\n                        \r\n                        坚毅\r\n                        \r\n                        学院流","headerImage":"//qidian.qpic.cn/qdbimg/349573/3638453/180\r\n","author":"方想","updateTime":"2017-02-22T09:01:49.736Z","_id":"58ad537db935d711f8e0367f","sectionArray":["58ad537db935d711f8e0367e"],"__v":0}})
[2017-02-22 17:01:49.978] [WARN] networkReptile - 自动增加--书名为《武道宗师》，作者为 爱潜水的乌贼 的小说列表失败WriteError({"code":11000,"index":0,"errmsg":"E11000 duplicate key error collection: myapp.factionlists index: factionName_1 dup key: { : \"武道宗师\" }","op":{"factionName":"武道宗师","des":"第一，不要笑书名。　　第二，不要笑封面。　　第三，不要笑简介。　　如果大家上面三句话会心笑了，说明本书风格应该挺适合你们的。　　在这里，武道不再是虚无缥缈的传说，而是切切实实的传承，经过与科技的对抗后，彻底融入了社会，有了各种各样的武道比赛，文无第一，武无第二！　　楼成得到武道一大流派断绝的传承后，向着最初的梦想，向着心里的荣耀，一步一步前进，都市之中仍有豪侠，当今时代依存英雄！\r\n                        \r\n                    作者自定义标签:\r\n                        \r\n                        练功流\r\n                        \r\n                        轻松\r\n                        \r\n                        学生","headerImage":"//qidian.qpic.cn/qdbimg/349573/1004142144/180\r\n","author":"爱潜水的乌贼","updateTime":"2017-02-22T09:01:49.736Z","_id":"58ad537db935d711f8e03681","sectionArray":["58ad537db935d711f8e03680"],"__v":0}})
[2017-02-22 17:06:37.737] [INFO] networkReptile - 今天是 2017年01月22日 星期三，排行版每天18:00点更新.......
[2017-02-22 17:06:37.847] [INFO] networkReptile - 连接数据库成功.....
[2017-02-22 17:06:48.226] [INFO] networkReptile - 起点小说排行榜爬取完毕.....
[2017-02-22 17:06:53.989] [INFO] networkReptile - 纵横小说排行榜爬取完毕.....
[2017-02-22 17:06:54.035] [INFO] networkReptile - 数据相同，不用更新
[2017-02-22 17:06:54.036] [INFO] networkReptile - 数据相同，不用更新
[2017-02-22 17:06:54.036] [INFO] networkReptile - 数据相同，不用更新
[2017-02-22 17:06:54.036] [INFO] networkReptile - 数据相同，不用更新
[2017-02-22 17:06:54.036] [INFO] networkReptile - 数据相同，不用更新
[2017-02-22 17:07:40.293] [INFO] networkReptile - 今天是 2017年01月22日 星期三，排行版每天18:00点更新.......
[2017-02-22 17:07:40.444] [INFO] networkReptile - 连接数据库成功.....
[2017-02-22 17:07:44.111] [INFO] networkReptile - 起点小说排行榜爬取完毕.....
[2017-02-22 17:07:50.365] [INFO] networkReptile - 纵横小说排行榜爬取完毕.....
[2017-02-22 17:07:50.413] [INFO] networkReptile - 数据相同，不用更新
[2017-02-22 17:07:50.414] [INFO] networkReptile - 数据相同，不用更新
[2017-02-22 17:07:50.414] [INFO] networkReptile - 数据相同，不用更新
[2017-02-22 17:07:50.415] [INFO] networkReptile - 数据相同，不用更新
[2017-02-22 17:07:50.415] [INFO] networkReptile - 数据相同，不用更新
[2017-02-22 17:10:22.356] [INFO] networkReptile - 今天是 2017年01月22日 星期三，排行版每天18:00点更新.......
[2017-02-22 17:10:22.464] [INFO] networkReptile - 连接数据库成功.....
[2017-02-22 17:10:30.417] [INFO] networkReptile - 起点小说排行榜爬取完毕.....
[2017-02-22 17:10:36.976] [INFO] networkReptile - 纵横小说排行榜爬取完毕.....
[2017-02-22 17:10:37.020] [INFO] networkReptile - 数据相同，不用更新
[2017-02-22 17:10:37.020] [INFO] networkReptile - 数据相同，不用更新
[2017-02-22 17:10:37.020] [INFO] networkReptile - 数据相同，不用更新
[2017-02-22 17:10:37.020] [INFO] networkReptile - 数据相同，不用更新
[2017-02-22 17:10:37.021] [INFO] networkReptile - 数据相同，不用更新
[2017-02-22 17:11:46.338] [INFO] networkReptile - 今天是 2017年01月22日 星期三，排行版每天18:00点更新.......
[2017-02-22 17:11:46.446] [INFO] networkReptile - 连接数据库成功.....
[2017-02-22 17:11:49.292] [INFO] networkReptile - 起点小说排行榜爬取完毕.....
[2017-02-22 17:11:53.387] [INFO] networkReptile - 纵横小说排行榜爬取完毕.....
[2017-02-22 17:11:53.416] [INFO] networkReptile - 数据相同，不用更新
[2017-02-22 17:12:05.835] [INFO] networkReptile - 今天是 2017年01月22日 星期三，排行版每天18:00点更新.......
[2017-02-22 17:12:05.971] [INFO] networkReptile - 连接数据库成功.....
[2017-02-22 17:12:09.683] [INFO] networkReptile - 起点小说排行榜爬取完毕.....
[2017-02-22 17:12:11.793] [INFO] networkReptile - 纵横小说排行榜爬取完毕.....
[2017-02-22 17:12:11.831] [INFO] networkReptile - 数据相同，不用更新
[2017-02-22 17:12:11.832] [INFO] networkReptile - 数据相同，不用更新
[2017-02-22 17:12:11.832] [INFO] networkReptile - 数据相同，不用更新
[2017-02-22 17:12:11.832] [INFO] networkReptile - 数据相同，不用更新
[2017-02-22 17:12:11.832] [INFO] networkReptile - 数据相同，不用更新
[2017-02-22 17:18:28.809] [INFO] networkReptile - 今天是 2017年01月22日 星期三，排行版每天18:00点更新.......
[2017-02-22 17:18:28.919] [INFO] networkReptile - 连接数据库成功.....
[2017-02-22 17:18:42.134] [INFO] networkReptile - 起点小说排行榜爬取完毕.....
[2017-02-22 17:18:48.347] [INFO] networkReptile - 纵横小说排行榜爬取完毕.....
[2017-02-22 17:18:48.397] [INFO] networkReptile - 数据相同，不用更新
[2017-02-22 17:18:48.397] [INFO] networkReptile - 数据相同，不用更新
[2017-02-22 17:18:48.398] [INFO] networkReptile - 数据相同，不用更新
[2017-02-22 17:18:48.398] [INFO] networkReptile - 数据相同，不用更新
[2017-02-22 17:18:48.398] [INFO] networkReptile - 数据相同，不用更新
[2017-02-22 17:19:04.103] [WARN] networkReptile - 自动增加--书名为《圣墟》，作者为 辰东 的小说列表失败.....WriteError({"code":11000,"index":0,"errmsg":"E11000 duplicate key error collection: myapp.factionlists index: factionName_1 dup key: { : \"圣墟\" }","op":{"factionName":"圣墟","des":"在破败中崛起，在寂灭中复苏。　　沧海成尘，雷电枯竭，那一缕幽雾又一次临近大地，世间的枷锁被打开了，一个全新的世界就此揭开神秘的一角……","headerImage":"//qidian.qpic.cn/qdbimg/349573/1004608738/180\r\n","author":"辰东","updateTime":"2017-02-22T09:18:48.465Z","_id":"58ad577841eeab10ecb98f65","sectionArray":["58ad577841eeab10ecb98f64"],"__v":0}})
[2017-02-22 17:19:18.561] [INFO] networkReptile - 排行榜已经更新至数据库.....
[2017-02-22 17:19:18.578] [WARN] networkReptile - 自动增加--书名为《我的1979》，作者为 争斤论两花花帽 的小说的测试章节失败....MongoError: connection 1 to localhost:27017 timed out
[2017-02-22 17:19:18.579] [WARN] networkReptile - 自动增加--书名为《美食供应商》，作者为 会做菜的猫 的小说的测试章节失败....MongoError: connection 1 to localhost:27017 timed out
[2017-02-22 17:19:18.580] [WARN] networkReptile - 自动增加--书名为《黑卡》，作者为 萧瑟良 的小说的测试章节失败....MongoError: connection 1 to localhost:27017 timed out
[2017-02-22 17:19:18.580] [WARN] networkReptile - 自动增加--书名为《陆少的暖婚新妻》，作者为 未知名作者 的小说的测试章节失败....MongoError: connection 1 to localhost:27017 timed out
[2017-02-22 17:19:18.581] [WARN] networkReptile - 自动增加--书名为《独家婚宠》，作者为 未知名作者 的小说的测试章节失败....MongoError: connection 1 to localhost:27017 timed out
[2017-02-22 17:19:18.581] [WARN] networkReptile - 自动增加--书名为《狂妃来袭：丑颜王爷我…》，作者为 未知名作者 的小说的测试章节失败....MongoError: connection 1 to localhost:27017 timed out
[2017-02-22 17:19:18.582] [WARN] networkReptile - 自动增加--书名为《前妻不乖》，作者为 未知名作者 的小说的测试章节失败....MongoError: connection 1 to localhost:27017 timed out
[2017-02-22 17:19:18.582] [WARN] networkReptile - 自动增加--书名为《缠绵入骨:总裁好好爱》，作者为 未知名作者 的小说的测试章节失败....MongoError: connection 1 to localhost:27017 timed out
[2017-02-22 17:19:18.583] [WARN] networkReptile - 自动增加--书名为《白袍总管》，作者为 萧舒 的小说的测试章节失败....MongoError: connection 1 to localhost:27017 timed out
[2017-02-22 17:19:18.583] [WARN] networkReptile - 自动增加--书名为《最强反派系统》，作者为 封七月 的小说的测试章节失败....MongoError: connection 1 to localhost:27017 timed out
[2017-02-22 17:19:18.583] [WARN] networkReptile - 自动增加--书名为《厂公》，作者为 一语破春风 的小说的测试章节失败....MongoError: connection 1 to localhost:27017 timed out
[2017-02-22 17:19:18.584] [WARN] networkReptile - 自动增加--书名为《帝皇演义》，作者为 言子木 的小说的测试章节失败....MongoError: connection 1 to localhost:27017 timed out
[2017-02-22 17:19:18.584] [WARN] networkReptile - 自动增加--书名为《无上大宗师》，作者为 大江入海 的小说的测试章节失败....MongoError: connection 1 to localhost:27017 timed out
[2017-02-22 17:19:18.584] [WARN] networkReptile - 自动增加--书名为《剑王朝》，作者为 无罪 的小说的测试章节失败....MongoError: connection 1 to localhost:27017 timed out
[2017-02-22 17:19:18.585] [WARN] networkReptile - 自动增加--书名为《在七扇门当差的日子》，作者为 三观犹在 的小说的测试章节失败....MongoError: connection 1 to localhost:27017 timed out
[2017-02-22 17:19:18.585] [WARN] networkReptile - 自动增加--书名为《偷香高手》，作者为 六如和尚 的小说的测试章节失败....MongoError: connection 1 to localhost:27017 timed out
[2017-02-22 17:19:18.585] [WARN] networkReptile - 自动增加--书名为《侠行九州》，作者为 神都未醒 的小说的测试章节失败....MongoError: connection 1 to localhost:27017 timed out
[2017-02-22 17:19:18.585] [WARN] networkReptile - 自动增加--书名为《修真世界》，作者为 方想 的小说的测试章节失败....MongoError: connection 1 to localhost:27017 timed out
[2017-02-22 17:19:18.585] [WARN] networkReptile - 自动增加--书名为《民国之文豪崛起》，作者为 王梓钧 的小说的测试章节失败....MongoError: connection 1 to localhost:27017 timed out
[2017-02-22 17:19:18.586] [WARN] networkReptile - 自动增加--书名为《奋斗在红楼》，作者为 九悟 的小说的测试章节失败....MongoError: connection 1 to localhost:27017 timed out
[2017-02-22 17:19:18.586] [WARN] networkReptile - 自动增加--书名为《长乐歌》，作者为 三戒大师 的小说的测试章节失败....MongoError: connection 1 to localhost:27017 timed out
[2017-02-22 17:19:18.586] [WARN] networkReptile - 自动增加--书名为《我要做皇帝》，作者为 要离刺荆轲 的小说的测试章节失败....MongoError: connection 1 to localhost:27017 timed out
[2017-02-22 17:19:18.586] [WARN] networkReptile - 自动增加--书名为《神话版三国》，作者为 坟土荒草 的小说的测试章节失败....MongoError: connection 1 to localhost:27017 timed out
[2017-02-22 17:19:18.587] [WARN] networkReptile - 自动增加--书名为《锦衣春秋》，作者为 沙漠 的小说的测试章节失败....MongoError: connection 1 to localhost:27017 timed out
[2017-02-22 17:19:18.587] [WARN] networkReptile - 自动增加--书名为《盛唐风华》，作者为 天使奥斯卡 的小说的测试章节失败....MongoError: connection 1 to localhost:27017 timed out
[2017-02-22 17:19:18.587] [WARN] networkReptile - 自动增加--书名为《谋定天下之扶明》，作者为 真版王启年 的小说的测试章节失败....MongoError: connection 1 to localhost:27017 timed out
[2017-02-22 17:19:18.587] [WARN] networkReptile - 自动增加--书名为《唐冢》，作者为 天高辰远 的小说的测试章节失败....MongoError: connection 1 to localhost:27017 timed out
[2017-02-22 17:19:18.587] [WARN] networkReptile - 自动增加--书名为《极品驸马》，作者为 萧玄武 的小说的测试章节失败....MongoError: connection 1 to localhost:27017 timed out
[2017-02-22 17:19:18.587] [WARN] networkReptile - 自动增加--书名为《宇宙的边缘世界》，作者为 原艾伦 的小说的测试章节失败....MongoError: connection 1 to localhost:27017 timed out
[2017-02-22 17:19:18.588] [WARN] networkReptile - 自动增加--书名为《异常生物见闻录》，作者为 远瞳 的小说的测试章节失败....MongoError: connection 1 to localhost:27017 timed out
[2017-02-22 17:19:18.589] [WARN] networkReptile - 自动增加--书名为《直死无限》，作者为 如倾如诉 的小说的测试章节失败....MongoError: connection 1 to localhost:27017 timed out
[2017-02-22 17:19:18.590] [WARN] networkReptile - 自动增加--书名为《会穿越的外交官》，作者为 昨夜大雨 的小说的测试章节失败....MongoError: connection 1 to localhost:27017 timed out
[2017-02-22 17:19:18.590] [WARN] networkReptile - 自动增加--书名为《我的末世基地车》，作者为 黑暗荔枝 的小说的测试章节失败....MongoError: connection 1 to localhost:27017 timed out
[2017-02-22 17:19:18.590] [WARN] networkReptile - 自动增加--书名为《末日边缘》，作者为 辰燃 的小说的测试章节失败....MongoError: connection 1 to localhost:27017 timed out
[2017-02-22 17:19:18.590] [WARN] networkReptile - 自动增加--书名为《星辰之主》，作者为 减肥专家 的小说的测试章节失败....MongoError: connection 1 to localhost:27017 timed out
[2017-02-22 17:19:18.590] [WARN] networkReptile - 自动增加--书名为《重生之极限进化》，作者为 天机算尽 的小说的测试章节失败....MongoError: connection 1 to localhost:27017 timed out
[2017-02-22 17:19:18.590] [WARN] networkReptile - 自动增加--书名为《末日之城》，作者为 十阶浮屠 的小说的测试章节失败....MongoError: connection 1 to localhost:27017 timed out
[2017-02-22 17:19:18.590] [WARN] networkReptile - 自动增加--书名为《井口战役》，作者为 核动力战列舰 的小说的测试章节失败....MongoError: connection 1 to localhost:27017 timed out
[2017-02-22 17:19:18.590] [WARN] networkReptile - 自动增加--书名为《玄界之门》，作者为 忘语 的小说的测试章节失败....MongoError: connection 1 to localhost:27017 timed out
[2017-02-22 17:19:18.590] [WARN] networkReptile - 自动增加--书名为《五行天》，作者为 方想 的小说的测试章节失败....MongoError: connection 1 to localhost:27017 timed out
[2017-02-22 17:19:18.591] [WARN] networkReptile - 自动增加--书名为《雪鹰领主》，作者为 我吃西红柿 的小说的测试章节失败....MongoError: connection 1 to localhost:27017 timed out
[2017-02-22 17:19:18.591] [WARN] networkReptile - 自动增加--书名为《宇宙的边缘世界》，作者为 原艾伦 的小说的测试章节失败....MongoError: connection 1 to localhost:27017 timed out
[2017-02-22 17:19:18.591] [WARN] networkReptile - 自动增加--书名为《武道宗师》，作者为 爱潜水的乌贼 的小说的测试章节失败....MongoError: connection 1 to localhost:27017 timed out
[2017-02-22 17:19:18.591] [WARN] networkReptile - 自动增加--书名为《诸天谣》，作者为 龙七二十一 的小说的测试章节失败....MongoError: connection 1 to localhost:27017 timed out
[2017-02-22 17:19:18.591] [WARN] networkReptile - 自动增加--书名为《原血神座》，作者为 缘分0 的小说的测试章节失败....MongoError: connection 1 to localhost:27017 timed out
[2017-02-22 17:19:18.591] [WARN] networkReptile - 自动增加--书名为《道破轮回》，作者为 风的饺子 的小说的测试章节失败....MongoError: connection 1 to localhost:27017 timed out
[2017-02-22 17:19:18.591] [WARN] networkReptile - 自动增加--书名为《丹武狂神》，作者为 大猎户 的小说的测试章节失败....MongoError: connection 1 to localhost:27017 timed out
[2017-02-22 17:19:18.591] [WARN] networkReptile - 自动增加--书名为《御龙九天》，作者为 卟哥 的小说的测试章节失败....MongoError: connection 1 to localhost:27017 timed out
[2017-02-22 17:19:18.591] [WARN] networkReptile - 自动增加--书名为《五行天》，作者为 方想 的小说的测试章节失败....MongoError: connection 1 to localhost:27017 timed out
[2017-02-22 17:19:18.591] [WARN] networkReptile - 自动增加--书名为《武道宗师》，作者为 爱潜水的乌贼 的小说的测试章节失败....MongoError: connection 1 to localhost:27017 timed out
[2017-02-22 17:19:18.591] [WARN] networkReptile - 自动增加--书名为《龙王传说》，作者为 唐家三少 的小说的测试章节失败....MongoError: connection 1 to localhost:27017 timed out
[2017-02-22 17:19:18.592] [WARN] networkReptile - 自动增加--书名为《儒道至圣》，作者为 永恒之火 的小说的测试章节失败....MongoError: connection 1 to localhost:27017 timed out
[2017-02-22 17:19:18.592] [WARN] networkReptile - 自动增加--书名为《人道至尊》，作者为 宅猪 的小说的测试章节失败....MongoError: connection 1 to localhost:27017 timed out
[2017-02-22 17:19:18.592] [WARN] networkReptile - 自动增加--书名为《御天神帝》，作者为 乱世狂刀 的小说的测试章节失败....MongoError: connection 1 to localhost:27017 timed out
[2017-02-22 17:19:18.592] [WARN] networkReptile - 自动增加--书名为《火帝神尊》，作者为 西门飘血 的小说的测试章节失败....MongoError: connection 1 to localhost:27017 timed out
[2017-02-22 17:19:18.592] [WARN] networkReptile - 自动增加--书名为《异武星尊》，作者为 情殇孤月 的小说的测试章节失败....MongoError: connection 1 to localhost:27017 timed out
[2017-02-22 17:19:18.592] [WARN] networkReptile - 自动增加--书名为《永夜君王》，作者为 烟雨江南 的小说的测试章节失败....MongoError: connection 1 to localhost:27017 timed out
[2017-02-22 17:19:18.592] [WARN] networkReptile - 自动增加--书名为《大魔仙》，作者为 吕家先生 的小说的测试章节失败....MongoError: connection 1 to localhost:27017 timed out
[2017-02-22 17:19:18.593] [WARN] networkReptile - 自动增加--书名为《娱乐之荒野食神》，作者为 祥瑞御妹 的小说的测试章节失败....MongoError: connection 1 to localhost:27017 timed out
[2017-02-22 17:19:18.593] [WARN] networkReptile - 自动增加--书名为《重生完美时代》，作者为 公子不歌 的小说的测试章节失败....MongoError: connection 1 to localhost:27017 timed out
[2017-02-22 17:19:18.593] [WARN] networkReptile - 自动增加--书名为《超级怪兽工厂》，作者为 匣中藏剑 的小说的测试章节失败....MongoError: connection 1 to localhost:27017 timed out
[2017-02-22 17:19:18.593] [WARN] networkReptile - 自动增加--书名为《捡宝王》，作者为 全金属弹壳 的小说的测试章节失败....MongoError: connection 1 to localhost:27017 timed out
[2017-02-22 17:19:18.593] [WARN] networkReptile - 自动增加--书名为《俗人回档》，作者为 庚不让 的小说的测试章节失败....MongoError: connection 1 to localhost:27017 timed out
[2017-02-22 17:19:18.593] [WARN] networkReptile - 自动增加--书名为《盛世婚宠：老公送上门》，作者为 未知名作者 的小说的测试章节失败....MongoError: connection 1 to localhost:27017 timed out
[2017-02-22 17:19:18.594] [WARN] networkReptile - 自动增加--书名为《惹爱成瘾》，作者为 未知名作者 的小说的测试章节失败....MongoError: connection 1 to localhost:27017 timed out
[2017-02-22 17:19:18.594] [WARN] networkReptile - 自动增加--书名为《军门第一闪婚》，作者为 未知名作者 的小说的测试章节失败....MongoError: connection 1 to localhost:27017 timed out
[2017-02-22 17:19:18.595] [WARN] networkReptile - 自动增加--书名为《重生之嫡女倾城》，作者为 未知名作者 的小说的测试章节失败....MongoError: connection 1 to localhost:27017 timed out
[2017-02-22 17:19:18.595] [WARN] networkReptile - 自动增加--书名为《晚安，参谋长》，作者为 未知名作者 的小说的测试章节失败....MongoError: connection 1 to localhost:27017 timed out
[2017-02-22 17:19:18.595] [WARN] networkReptile - 自动增加--书名为《侠行天下》，作者为 zhttty 的小说的测试章节失败....MongoError: connection 1 to localhost:27017 timed out
[2017-02-22 17:19:18.595] [WARN] networkReptile - 自动增加--书名为《文娱江湖》，作者为 三吃糖豆 的小说的测试章节失败....MongoError: connection 1 to localhost:27017 timed out
[2017-02-22 17:19:18.598] [WARN] networkReptile - 自动增加--书名为《武侠世界大明星》，作者为 殊彦 的小说的测试章节失败....MongoError: connection 1 to localhost:27017 timed out
[2017-02-22 17:19:18.598] [WARN] networkReptile - 自动增加--书名为《血狱江湖》，作者为 天雨寒 的小说的测试章节失败....MongoError: connection 1 to localhost:27017 timed out
[2017-02-22 17:19:18.598] [WARN] networkReptile - 自动增加--书名为《逍遥派》，作者为 白马出淤泥 的小说的测试章节失败....MongoError: connection 1 to localhost:27017 timed out
[2017-02-22 17:19:18.598] [WARN] networkReptile - 自动增加--书名为《仙侠世界》，作者为 无罪 的小说的测试章节失败....MongoError: connection 1 to localhost:27017 timed out
[2017-02-22 17:19:18.598] [WARN] networkReptile - 自动增加--书名为《道絮》，作者为 蹄子 的小说的测试章节失败....MongoError: connection 1 to localhost:27017 timed out
[2017-02-22 17:19:18.598] [WARN] networkReptile - 自动增加--书名为《仙路至尊》，作者为 睡秋 的小说的测试章节失败....MongoError: connection 1 to localhost:27017 timed out
[2017-02-22 17:19:18.599] [WARN] networkReptile - 自动增加--书名为《求道武侠世界》，作者为 大荒散人 的小说的测试章节失败....MongoError: connection 1 to localhost:27017 timed out
[2017-02-22 17:19:18.599] [WARN] networkReptile - 自动增加--书名为《九界仙尊》，作者为 神出古异 的小说的测试章节失败....MongoError: connection 1 to localhost:27017 timed out
[2017-02-22 17:19:18.599] [WARN] networkReptile - 自动增加--书名为《银狐》，作者为 孑与2 的小说的测试章节失败....MongoError: connection 1 to localhost:27017 timed out
[2017-02-22 17:19:18.599] [WARN] networkReptile - 自动增加--书名为《公子千秋》，作者为 府天 的小说的测试章节失败....MongoError: connection 1 to localhost:27017 timed out
[2017-02-22 17:19:18.599] [WARN] networkReptile - 自动增加--书名为《赘婿》，作者为 愤怒的香蕉 的小说的测试章节失败....MongoError: connection 1 to localhost:27017 timed out
[2017-02-22 17:19:18.599] [WARN] networkReptile - 自动增加--书名为《铁十字》，作者为 月影梧桐 的小说的测试章节失败....MongoError: connection 1 to localhost:27017 timed out
[2017-02-22 17:19:18.599] [WARN] networkReptile - 自动增加--书名为《带着仓库到大明》，作者为 迪巴拉爵士 的小说的测试章节失败....MongoError: connection 1 to localhost:27017 timed out
[2017-02-22 17:19:18.599] [WARN] networkReptile - 自动增加--书名为《极品书童》，作者为 泪邑轻尘 的小说的测试章节失败....MongoError: connection 1 to localhost:27017 timed out
[2017-02-22 17:19:18.599] [WARN] networkReptile - 自动增加--书名为《逍遥游》，作者为 月关 的小说的测试章节失败....MongoError: connection 1 to localhost:27017 timed out
[2017-02-22 17:19:18.599] [WARN] networkReptile - 自动增加--书名为《唐谋天下》，作者为 青叶7 的小说的测试章节失败....MongoError: connection 1 to localhost:27017 timed out
[2017-02-22 17:19:18.599] [WARN] networkReptile - 自动增加--书名为《宰执天下》，作者为 cuslaa 的小说的测试章节失败....MongoError: connection 1 to localhost:27017 timed out
[2017-02-22 17:19:18.599] [WARN] networkReptile - 自动增加--书名为《大明1617》，作者为 淡墨青衫 的小说的测试章节失败....MongoError: connection 1 to localhost:27017 timed out
[2017-02-22 17:19:18.599] [WARN] networkReptile - 自动增加--书名为《未来天王》，作者为 陈词懒调 的小说的测试章节失败....MongoError: connection 1 to localhost:27017 timed out
[2017-02-22 17:19:18.599] [WARN] networkReptile - 自动增加--书名为《废土崛起》，作者为 通吃道人.QD 的小说的测试章节失败....MongoError: connection 1 to localhost:27017 timed out
[2017-02-22 17:19:18.603] [WARN] networkReptile - 自动增加--书名为《修真四万年》，作者为 卧牛真人 的小说的测试章节失败....MongoError: connection 1 to localhost:27017 timed out
[2017-02-22 17:19:18.603] [WARN] networkReptile - 自动增加--书名为《剑游诸天》，作者为 太亦花菜 的小说的测试章节失败....MongoError: connection 1 to localhost:27017 timed out
[2017-02-22 17:19:18.603] [WARN] networkReptile - 自动增加--书名为《开发次元世界》，作者为 锈迹符文 的小说的测试章节失败....MongoError: connection 1 to localhost:27017 timed out
[2017-02-22 17:19:18.603] [WARN] networkReptile - 自动增加--书名为《生物骇客》，作者为 巷晨虞 的小说的测试章节失败....MongoError: connection 1 to localhost:27017 timed out
[2017-02-22 17:19:18.603] [WARN] networkReptile - 自动增加--书名为《末世危城》，作者为 熊猫快跑 的小说的测试章节失败....MongoError: connection 1 to localhost:27017 timed out
[2017-02-22 17:19:18.603] [WARN] networkReptile - 自动增加--书名为《无尽武装》，作者为 缘分0 的小说的测试章节失败....MongoError: connection 1 to localhost:27017 timed out
[2017-02-22 17:19:18.603] [WARN] networkReptile - 自动增加--书名为《网游之剑刃舞者》，作者为 不是闻人 的小说的测试章节失败....MongoError: connection 1 to localhost:27017 timed out
[2017-02-22 17:19:18.605] [WARN] networkReptile - 自动增加--书名为《网游之邪龙逆天》，作者为 火星引力 的小说的测试章节失败....MongoError: connection 1 to localhost:27017 timed out
[2017-02-22 17:19:18.618] [WARN] networkReptile - 自动增加--书名为《雪鹰领主》，作者为 我吃西红柿 的小说列表失败.....WriteError({"code":11000,"index":0,"errmsg":"E11000 duplicate key error collection: myapp.factionlists index: factionName_1 dup key: { : \"雪鹰领主\" }","op":{"factionName":"雪鹰领主","des":"在夏族的安阳行省，有一个很小很不起眼的领地，叫——雪鹰领！　　故事，就从这里开始！　　**　　继《莽荒纪》《吞噬星空》《九鼎记》《盘龙》《星辰变》《寸芒》《星峰传说》后，番茄的第八本小说！　　\r\n                        \r\n                    作者自定义标签:\r\n                        \r\n                        勇猛","headerImage":"//qidian.qpic.cn/qdbimg/349573/3513193/180\r\n","author":"我吃西红柿","updateTime":"2017-02-22T09:18:48.486Z","_id":"58ad577841eeab10ecb98fcd","sectionArray":["58ad577841eeab10ecb98fcc"],"__v":0}})
[2017-02-22 17:19:18.619] [WARN] networkReptile - 自动增加--书名为《宇宙的边缘世界》，作者为 原艾伦 的小说列表失败.....WriteError({"code":11000,"index":0,"errmsg":"E11000 duplicate key error collection: myapp.factionlists index: factionName_1 dup key: { : \"宇宙的边缘世界\" }","op":{"factionName":"宇宙的边缘世界","des":"仰望璀璨的星空，你一定有过探秘浩瀚宇宙的梦想，并不止一次地思考和梦想未来的科学文明。       学渣原晧宸，经历了一次有“预谋”的奇遇，拥有了逆袭成为顶尖科学家的实力。凭借着执着的追求和坚定的信念，他从此踏上了与众不同的人生道路，揭开地球生命诞生的谜团，追随超级外星文明的脚步，层层揭开宇宙真相，最终探索宇宙本源的奥秘......       书友交流群： 529839423\r\n                        \r\n                    作者自定义标签:\r\n                        \r\n                        励志\r\n                        \r\n                        位面\r\n                        \r\n                        学生\r\n                        \r\n                        重生","headerImage":"//qidian.qpic.cn/qdbimg/349573/1003506122/180\r\n","author":"原艾伦","updateTime":"2017-02-22T09:18:48.487Z","_id":"58ad577841eeab10ecb98fcf","sectionArray":["58ad577841eeab10ecb98fce"],"__v":0}})
[2017-02-22 17:19:18.619] [WARN] networkReptile - 自动增加--书名为《五行天》，作者为 方想 的小说列表失败.....WriteError({"code":11000,"index":0,"errmsg":"E11000 duplicate key error collection: myapp.factionlists index: factionName_1 dup key: { : \"五行天\" }","op":{"factionName":"五行天","des":"万界融合，灵力消散，历经百万年的修真世界轰然崩塌，蛮荒大举入侵，五行天成为修真者最后的防线。　　千年之后，来自旧土的卑微少年，以苦力之身，深入蛮荒三年，破格获得进入五行天深造的机会。　　渴望掌握命运而一心追求变强的少年，带着野兽般的战斗本能，掀起一场华丽的风暴。　　##########　　新书q群号237931286，欢迎加入　　有任何问题也可以添加微信号xiaofangfang1985，等你来\r\n                        \r\n                    作者自定义标签:\r\n                        \r\n                        孤儿\r\n                        \r\n                        坚毅\r\n                        \r\n                        学院流","headerImage":"//qidian.qpic.cn/qdbimg/349573/3638453/180\r\n","author":"方想","updateTime":"2017-02-22T09:18:57.804Z","_id":"58ad578141eeab10ecb98fdd","sectionArray":["58ad578141eeab10ecb98fdc"],"__v":0}})
[2017-02-22 17:19:18.619] [WARN] networkReptile - 自动增加--书名为《武道宗师》，作者为 爱潜水的乌贼 的小说列表失败.....WriteError({"code":11000,"index":0,"errmsg":"E11000 duplicate key error collection: myapp.factionlists index: factionName_1 dup key: { : \"武道宗师\" }","op":{"factionName":"武道宗师","des":"第一，不要笑书名。　　第二，不要笑封面。　　第三，不要笑简介。　　如果大家上面三句话会心笑了，说明本书风格应该挺适合你们的。　　在这里，武道不再是虚无缥缈的传说，而是切切实实的传承，经过与科技的对抗后，彻底融入了社会，有了各种各样的武道比赛，文无第一，武无第二！　　楼成得到武道一大流派断绝的传承后，向着最初的梦想，向着心里的荣耀，一步一步前进，都市之中仍有豪侠，当今时代依存英雄！\r\n                        \r\n                    作者自定义标签:\r\n                        \r\n                        练功流\r\n                        \r\n                        轻松\r\n                        \r\n                        学生","headerImage":"//qidian.qpic.cn/qdbimg/349573/1004142144/180\r\n","author":"爱潜水的乌贼","updateTime":"2017-02-22T09:18:57.807Z","_id":"58ad578141eeab10ecb98fdf","sectionArray":["58ad578141eeab10ecb98fde"],"__v":0}})
[2017-02-22 17:19:55.894] [INFO] networkReptile - 今天是 2017年01月22日 星期三，排行版每天18:00点更新.......
[2017-02-22 17:19:56.014] [INFO] networkReptile - 连接数据库成功.....
[2017-02-22 17:20:00.589] [INFO] networkReptile - 起点小说排行榜爬取完毕.....
[2017-02-22 17:20:05.320] [INFO] networkReptile - 纵横小说排行榜爬取完毕.....
[2017-02-22 17:20:05.642] [INFO] networkReptile - 排行榜已经更新至数据库.....
[2017-02-22 17:27:49.139] [INFO] networkReptile - 今天是 2017年01月22日 星期三，排行版每天18:00点更新.......
[2017-02-22 17:27:49.243] [INFO] networkReptile - 连接数据库成功.....
[2017-02-22 17:27:55.328] [INFO] networkReptile - 起点小说排行榜爬取完毕.....
[2017-02-22 17:28:03.946] [INFO] networkReptile - 纵横小说排行榜爬取完毕.....
[2017-02-22 17:28:04.234] [WARN] networkReptile - 自动增加--书名为《圣墟》，作者为 辰东 的小说列表失败.....WriteError({"code":11000,"index":0,"errmsg":"E11000 duplicate key error collection: myapp.factionlists index: factionName_1 dup key: { : \"圣墟\" }","op":{"factionName":"圣墟","des":"在破败中崛起，在寂灭中复苏。　　沧海成尘，雷电枯竭，那一缕幽雾又一次临近大地，世间的枷锁被打开了，一个全新的世界就此揭开神秘的一角……","headerImage":"//qidian.qpic.cn/qdbimg/349573/1004608738/180\r\n","author":"辰东","updateTime":"2017-02-22T09:28:04.040Z","_id":"58ad59a403f54f10645de795","sectionArray":["58ad59a403f54f10645de794"],"__v":0}})
[2017-02-22 17:28:04.394] [INFO] networkReptile - 排行榜已经更新至数据库.....
[2017-02-22 17:28:04.414] [WARN] networkReptile - 自动增加--书名为《雪鹰领主》，作者为 我吃西红柿 的小说列表失败.....WriteError({"code":11000,"index":0,"errmsg":"E11000 duplicate key error collection: myapp.factionlists index: factionName_1 dup key: { : \"雪鹰领主\" }","op":{"factionName":"雪鹰领主","des":"在夏族的安阳行省，有一个很小很不起眼的领地，叫——雪鹰领！　　故事，就从这里开始！　　**　　继《莽荒纪》《吞噬星空》《九鼎记》《盘龙》《星辰变》《寸芒》《星峰传说》后，番茄的第八本小说！　　\r\n                        \r\n                    作者自定义标签:\r\n                        \r\n                        勇猛","headerImage":"//qidian.qpic.cn/qdbimg/349573/3513193/180\r\n","author":"我吃西红柿","updateTime":"2017-02-22T09:28:04.073Z","_id":"58ad59a403f54f10645de7fd","sectionArray":["58ad59a403f54f10645de7fc"],"__v":0}})
[2017-02-22 17:28:04.414] [WARN] networkReptile - 自动增加--书名为《宇宙的边缘世界》，作者为 原艾伦 的小说列表失败.....WriteError({"code":11000,"index":0,"errmsg":"E11000 duplicate key error collection: myapp.factionlists index: factionName_1 dup key: { : \"宇宙的边缘世界\" }","op":{"factionName":"宇宙的边缘世界","des":"仰望璀璨的星空，你一定有过探秘浩瀚宇宙的梦想，并不止一次地思考和梦想未来的科学文明。       学渣原晧宸，经历了一次有“预谋”的奇遇，拥有了逆袭成为顶尖科学家的实力。凭借着执着的追求和坚定的信念，他从此踏上了与众不同的人生道路，揭开地球生命诞生的谜团，追随超级外星文明的脚步，层层揭开宇宙真相，最终探索宇宙本源的奥秘......       书友交流群： 529839423\r\n                        \r\n                    作者自定义标签:\r\n                        \r\n                        励志\r\n                        \r\n                        位面\r\n                        \r\n                        学生\r\n                        \r\n                        重生","headerImage":"//qidian.qpic.cn/qdbimg/349573/1003506122/180\r\n","author":"原艾伦","updateTime":"2017-02-22T09:28:04.074Z","_id":"58ad59a403f54f10645de7ff","sectionArray":["58ad59a403f54f10645de7fe"],"__v":0}})
[2017-02-22 17:28:04.414] [WARN] networkReptile - 自动增加--书名为《五行天》，作者为 方想 的小说列表失败.....WriteError({"code":11000,"index":0,"errmsg":"E11000 duplicate key error collection: myapp.factionlists index: factionName_1 dup key: { : \"五行天\" }","op":{"factionName":"五行天","des":"万界融合，灵力消散，历经百万年的修真世界轰然崩塌，蛮荒大举入侵，五行天成为修真者最后的防线。　　千年之后，来自旧土的卑微少年，以苦力之身，深入蛮荒三年，破格获得进入五行天深造的机会。　　渴望掌握命运而一心追求变强的少年，带着野兽般的战斗本能，掀起一场华丽的风暴。　　##########　　新书q群号237931286，欢迎加入　　有任何问题也可以添加微信号xiaofangfang1985，等你来\r\n                        \r\n                    作者自定义标签:\r\n                        \r\n                        孤儿\r\n                        \r\n                        坚毅\r\n                        \r\n                        学院流","headerImage":"//qidian.qpic.cn/qdbimg/349573/3638453/180\r\n","author":"方想","updateTime":"2017-02-22T09:28:04.083Z","_id":"58ad59a403f54f10645de80d","sectionArray":["58ad59a403f54f10645de80c"],"__v":0}})
[2017-02-22 17:28:04.414] [WARN] networkReptile - 自动增加--书名为《武道宗师》，作者为 爱潜水的乌贼 的小说列表失败.....WriteError({"code":11000,"index":0,"errmsg":"E11000 duplicate key error collection: myapp.factionlists index: factionName_1 dup key: { : \"武道宗师\" }","op":{"factionName":"武道宗师","des":"第一，不要笑书名。　　第二，不要笑封面。　　第三，不要笑简介。　　如果大家上面三句话会心笑了，说明本书风格应该挺适合你们的。　　在这里，武道不再是虚无缥缈的传说，而是切切实实的传承，经过与科技的对抗后，彻底融入了社会，有了各种各样的武道比赛，文无第一，武无第二！　　楼成得到武道一大流派断绝的传承后，向着最初的梦想，向着心里的荣耀，一步一步前进，都市之中仍有豪侠，当今时代依存英雄！\r\n                        \r\n                    作者自定义标签:\r\n                        \r\n                        练功流\r\n                        \r\n                        轻松\r\n                        \r\n                        学生","headerImage":"//qidian.qpic.cn/qdbimg/349573/1004142144/180\r\n","author":"爱潜水的乌贼","updateTime":"2017-02-22T09:28:04.083Z","_id":"58ad59a403f54f10645de80f","sectionArray":["58ad59a403f54f10645de80e"],"__v":0}})
[2017-02-22 17:29:29.241] [INFO] networkReptile - 今天是 2017年01月22日 星期三，排行版每天18:00点更新.......
[2017-02-22 17:29:29.357] [INFO] networkReptile - 连接数据库成功.....
[2017-02-22 17:29:37.784] [INFO] networkReptile - 起点小说排行榜爬取完毕.....
[2017-02-22 17:29:45.176] [INFO] networkReptile - 纵横小说排行榜爬取完毕.....
[2017-02-22 17:29:52.577] [WARN] networkReptile - 自动增加--书名为《圣墟》，作者为 辰东 的小说列表失败.....WriteError({"code":11000,"index":0,"errmsg":"E11000 duplicate key error collection: myapp.factionlists index: factionName_1 dup key: { : \"圣墟\" }","op":{"factionName":"圣墟","des":"在破败中崛起，在寂灭中复苏。　　沧海成尘，雷电枯竭，那一缕幽雾又一次临近大地，世间的枷锁被打开了，一个全新的世界就此揭开神秘的一角……","headerImage":"//qidian.qpic.cn/qdbimg/349573/1004608738/180\r\n","author":"辰东","updateTime":"2017-02-22T09:29:52.403Z","_id":"58ad5a10530cc72768ebe35f","sectionArray":["58ad5a10530cc72768ebe35e"],"__v":0}})
[2017-02-22 17:29:52.703] [INFO] networkReptile - 排行榜已经更新至数据库.....
[2017-02-22 17:29:52.718] [WARN] networkReptile - 自动增加--书名为《雪鹰领主》，作者为 我吃西红柿 的小说列表失败.....WriteError({"code":11000,"index":0,"errmsg":"E11000 duplicate key error collection: myapp.factionlists index: factionName_1 dup key: { : \"雪鹰领主\" }","op":{"factionName":"雪鹰领主","des":"在夏族的安阳行省，有一个很小很不起眼的领地，叫——雪鹰领！　　故事，就从这里开始！　　**　　继《莽荒纪》《吞噬星空》《九鼎记》《盘龙》《星辰变》《寸芒》《星峰传说》后，番茄的第八本小说！　　\r\n                        \r\n                    作者自定义标签:\r\n                        \r\n                        勇猛","headerImage":"//qidian.qpic.cn/qdbimg/349573/3513193/180\r\n","author":"我吃西红柿","updateTime":"2017-02-22T09:29:52.431Z","_id":"58ad5a10530cc72768ebe3c7","sectionArray":["58ad5a10530cc72768ebe3c6"],"__v":0}})
[2017-02-22 17:29:52.718] [WARN] networkReptile - 自动增加--书名为《宇宙的边缘世界》，作者为 原艾伦 的小说列表失败.....WriteError({"code":11000,"index":0,"errmsg":"E11000 duplicate key error collection: myapp.factionlists index: factionName_1 dup key: { : \"宇宙的边缘世界\" }","op":{"factionName":"宇宙的边缘世界","des":"仰望璀璨的星空，你一定有过探秘浩瀚宇宙的梦想，并不止一次地思考和梦想未来的科学文明。       学渣原晧宸，经历了一次有“预谋”的奇遇，拥有了逆袭成为顶尖科学家的实力。凭借着执着的追求和坚定的信念，他从此踏上了与众不同的人生道路，揭开地球生命诞生的谜团，追随超级外星文明的脚步，层层揭开宇宙真相，最终探索宇宙本源的奥秘......       书友交流群： 529839423\r\n                        \r\n                    作者自定义标签:\r\n                        \r\n                        励志\r\n                        \r\n                        位面\r\n                        \r\n                        学生\r\n                        \r\n                        重生","headerImage":"//qidian.qpic.cn/qdbimg/349573/1003506122/180\r\n","author":"原艾伦","updateTime":"2017-02-22T09:29:52.432Z","_id":"58ad5a10530cc72768ebe3c9","sectionArray":["58ad5a10530cc72768ebe3c8"],"__v":0}})
[2017-02-22 17:29:52.718] [WARN] networkReptile - 自动增加--书名为《五行天》，作者为 方想 的小说列表失败.....WriteError({"code":11000,"index":0,"errmsg":"E11000 duplicate key error collection: myapp.factionlists index: factionName_1 dup key: { : \"五行天\" }","op":{"factionName":"五行天","des":"万界融合，灵力消散，历经百万年的修真世界轰然崩塌，蛮荒大举入侵，五行天成为修真者最后的防线。　　千年之后，来自旧土的卑微少年，以苦力之身，深入蛮荒三年，破格获得进入五行天深造的机会。　　渴望掌握命运而一心追求变强的少年，带着野兽般的战斗本能，掀起一场华丽的风暴。　　##########　　新书q群号237931286，欢迎加入　　有任何问题也可以添加微信号xiaofangfang1985，等你来\r\n                        \r\n                    作者自定义标签:\r\n                        \r\n                        孤儿\r\n                        \r\n                        坚毅\r\n                        \r\n                        学院流","headerImage":"//qidian.qpic.cn/qdbimg/349573/3638453/180\r\n","author":"方想","updateTime":"2017-02-22T09:29:52.443Z","_id":"58ad5a10530cc72768ebe3d7","sectionArray":["58ad5a10530cc72768ebe3d6"],"__v":0}})
[2017-02-22 17:29:52.718] [WARN] networkReptile - 自动增加--书名为《武道宗师》，作者为 爱潜水的乌贼 的小说列表失败.....WriteError({"code":11000,"index":0,"errmsg":"E11000 duplicate key error collection: myapp.factionlists index: factionName_1 dup key: { : \"武道宗师\" }","op":{"factionName":"武道宗师","des":"第一，不要笑书名。　　第二，不要笑封面。　　第三，不要笑简介。　　如果大家上面三句话会心笑了，说明本书风格应该挺适合你们的。　　在这里，武道不再是虚无缥缈的传说，而是切切实实的传承，经过与科技的对抗后，彻底融入了社会，有了各种各样的武道比赛，文无第一，武无第二！　　楼成得到武道一大流派断绝的传承后，向着最初的梦想，向着心里的荣耀，一步一步前进，都市之中仍有豪侠，当今时代依存英雄！\r\n                        \r\n                    作者自定义标签:\r\n                        \r\n                        练功流\r\n                        \r\n                        轻松\r\n                        \r\n                        学生","headerImage":"//qidian.qpic.cn/qdbimg/349573/1004142144/180\r\n","author":"爱潜水的乌贼","updateTime":"2017-02-22T09:29:52.444Z","_id":"58ad5a10530cc72768ebe3d9","sectionArray":["58ad5a10530cc72768ebe3d8"],"__v":0}})
[2017-02-22 17:30:45.226] [INFO] networkReptile - 今天是 2017年01月22日 星期三，排行版每天18:00点更新.......
[2017-02-22 17:30:45.345] [INFO] networkReptile - 连接数据库成功.....
[2017-02-22 17:30:54.625] [INFO] networkReptile - 起点小说排行榜爬取完毕.....
[2017-02-22 17:31:00.917] [INFO] networkReptile - 纵横小说排行榜爬取完毕.....
[2017-02-22 17:31:01.193] [WARN] networkReptile - 自动增加--书名为《圣墟》，作者为 辰东 的小说列表失败.....WriteError({"code":11000,"index":0,"errmsg":"E11000 duplicate key error collection: myapp.factionlists index: factionName_1 dup key: { : \"圣墟\" }","op":{"factionName":"圣墟","des":"在破败中崛起，在寂灭中复苏。　　沧海成尘，雷电枯竭，那一缕幽雾又一次临近大地，世间的枷锁被打开了，一个全新的世界就此揭开神秘的一角……","headerImage":"//qidian.qpic.cn/qdbimg/349573/1004608738/180\r\n","author":"辰东","updateTime":"2017-02-22T09:31:01.024Z","_id":"58ad5a5586ae4108842aaf02","sectionArray":["58ad5a5586ae4108842aaf01"],"__v":0}})
[2017-02-22 17:31:01.347] [INFO] networkReptile - 排行榜已经更新至数据库.....
[2017-02-22 17:31:01.430] [WARN] networkReptile - 自动增加--书名为《雪鹰领主》，作者为 我吃西红柿 的小说列表失败.....WriteError({"code":11000,"index":0,"errmsg":"E11000 duplicate key error collection: myapp.factionlists index: factionName_1 dup key: { : \"雪鹰领主\" }","op":{"factionName":"雪鹰领主","des":"在夏族的安阳行省，有一个很小很不起眼的领地，叫——雪鹰领！　　故事，就从这里开始！　　**　　继《莽荒纪》《吞噬星空》《九鼎记》《盘龙》《星辰变》《寸芒》《星峰传说》后，番茄的第八本小说！　　\r\n                        \r\n                    作者自定义标签:\r\n                        \r\n                        勇猛","headerImage":"//qidian.qpic.cn/qdbimg/349573/3513193/180\r\n","author":"我吃西红柿","updateTime":"2017-02-22T09:31:01.044Z","_id":"58ad5a5586ae4108842aaf6a","sectionArray":["58ad5a5586ae4108842aaf69"],"__v":0}})
[2017-02-22 17:31:01.431] [WARN] networkReptile - 自动增加--书名为《宇宙的边缘世界》，作者为 原艾伦 的小说列表失败.....WriteError({"code":11000,"index":0,"errmsg":"E11000 duplicate key error collection: myapp.factionlists index: factionName_1 dup key: { : \"宇宙的边缘世界\" }","op":{"factionName":"宇宙的边缘世界","des":"仰望璀璨的星空，你一定有过探秘浩瀚宇宙的梦想，并不止一次地思考和梦想未来的科学文明。       学渣原晧宸，经历了一次有“预谋”的奇遇，拥有了逆袭成为顶尖科学家的实力。凭借着执着的追求和坚定的信念，他从此踏上了与众不同的人生道路，揭开地球生命诞生的谜团，追随超级外星文明的脚步，层层揭开宇宙真相，最终探索宇宙本源的奥秘......       书友交流群： 529839423\r\n                        \r\n                    作者自定义标签:\r\n                        \r\n                        励志\r\n                        \r\n                        位面\r\n                        \r\n                        学生\r\n                        \r\n                        重生","headerImage":"//qidian.qpic.cn/qdbimg/349573/1003506122/180\r\n","author":"原艾伦","updateTime":"2017-02-22T09:31:01.045Z","_id":"58ad5a5586ae4108842aaf6c","sectionArray":["58ad5a5586ae4108842aaf6b"],"__v":0}})
[2017-02-22 17:31:01.431] [WARN] networkReptile - 自动增加--书名为《五行天》，作者为 方想 的小说列表失败.....WriteError({"code":11000,"index":0,"errmsg":"E11000 duplicate key error collection: myapp.factionlists index: factionName_1 dup key: { : \"五行天\" }","op":{"factionName":"五行天","des":"万界融合，灵力消散，历经百万年的修真世界轰然崩塌，蛮荒大举入侵，五行天成为修真者最后的防线。　　千年之后，来自旧土的卑微少年，以苦力之身，深入蛮荒三年，破格获得进入五行天深造的机会。　　渴望掌握命运而一心追求变强的少年，带着野兽般的战斗本能，掀起一场华丽的风暴。　　##########　　新书q群号237931286，欢迎加入　　有任何问题也可以添加微信号xiaofangfang1985，等你来\r\n                        \r\n                    作者自定义标签:\r\n                        \r\n                        孤儿\r\n                        \r\n                        坚毅\r\n                        \r\n                        学院流","headerImage":"//qidian.qpic.cn/qdbimg/349573/3638453/180\r\n","author":"方想","updateTime":"2017-02-22T09:31:01.055Z","_id":"58ad5a5586ae4108842aaf7a","sectionArray":["58ad5a5586ae4108842aaf79"],"__v":0}})
[2017-02-22 17:31:01.431] [WARN] networkReptile - 自动增加--书名为《武道宗师》，作者为 爱潜水的乌贼 的小说列表失败.....WriteError({"code":11000,"index":0,"errmsg":"E11000 duplicate key error collection: myapp.factionlists index: factionName_1 dup key: { : \"武道宗师\" }","op":{"factionName":"武道宗师","des":"第一，不要笑书名。　　第二，不要笑封面。　　第三，不要笑简介。　　如果大家上面三句话会心笑了，说明本书风格应该挺适合你们的。　　在这里，武道不再是虚无缥缈的传说，而是切切实实的传承，经过与科技的对抗后，彻底融入了社会，有了各种各样的武道比赛，文无第一，武无第二！　　楼成得到武道一大流派断绝的传承后，向着最初的梦想，向着心里的荣耀，一步一步前进，都市之中仍有豪侠，当今时代依存英雄！\r\n                        \r\n                    作者自定义标签:\r\n                        \r\n                        练功流\r\n                        \r\n                        轻松\r\n                        \r\n                        学生","headerImage":"//qidian.qpic.cn/qdbimg/349573/1004142144/180\r\n","author":"爱潜水的乌贼","updateTime":"2017-02-22T09:31:01.056Z","_id":"58ad5a5586ae4108842aaf7c","sectionArray":["58ad5a5586ae4108842aaf7b"],"__v":0}})
[2017-02-22 17:31:12.317] [INFO] networkReptile - 今天是 2017年01月22日 星期三，排行版每天18:00点更新.......
[2017-02-22 17:31:12.447] [INFO] networkReptile - 连接数据库成功.....
[2017-02-22 17:31:15.867] [INFO] networkReptile - 起点小说排行榜爬取完毕.....
[2017-02-22 17:31:19.321] [INFO] networkReptile - 纵横小说排行榜爬取完毕.....
[2017-02-22 17:31:19.597] [INFO] networkReptile - 排行榜已经更新至数据库.....
